2025/12/12 09:01:08 wazuh-monitord: INFO: Starting new log after rotation.
2025/12/12 09:01:23 wazuh-syscheckd: INFO: netstat not available. Skipping port check.
2025/12/12 09:01:28 rootcheck: INFO: Ending rootcheck scan.
2025/12/12 11:27:43 wazuh-authd: INFO: Received request for a new agent (srv_bastion_ib) from: 192.168.1.7
2025/12/12 11:27:43 wazuh-authd: WARNING: Duplicate name 'srv_bastion_ib', rejecting enrollment. Agent '009' can't be replaced since it is not disconnected.
2025/12/12 11:27:57 wazuh-authd: INFO: Received request for a new agent (srv_bastion_ib) from: 192.168.1.7
2025/12/12 11:27:57 wazuh-authd: WARNING: Duplicate name 'srv_bastion_ib', rejecting enrollment. Agent '009' can't be replaced since it is not disconnected.
2025/12/12 11:28:55 wazuh-authd: INFO: Received request for a new agent (srv_bastion_ib) from: 192.168.1.7
2025/12/12 11:28:55 wazuh-authd: WARNING: Duplicate name 'srv_bastion_ib', rejecting enrollment. Agent '009' can't be replaced since it is not disconnected.
2025/12/12 11:29:24 wazuh-authd: INFO: Received request for a new agent (srv_bastion_ib) from: 192.168.1.7
2025/12/12 11:29:24 wazuh-authd: WARNING: Duplicate name 'srv_bastion_ib', rejecting enrollment. Agent '009' can't be replaced since it is not disconnected.
2025/12/12 11:30:37 wazuh-authd: INFO: Received request for a new agent (srv_bastion_ib) from: 192.168.1.7
2025/12/12 11:30:37 wazuh-authd: WARNING: Duplicate name 'srv_bastion_ib', rejecting enrollment. Agent '009' can't be replaced since it is not disconnected.
2025/12/12 11:34:55 wazuh-authd: INFO: Received request for a new agent (srv_bastion_ib) from: 192.168.1.7
2025/12/12 11:34:55 wazuh-authd: WARNING: Duplicate name 'srv_bastion_ib', rejecting enrollment. Agent '009' can't be replaced since it is not disconnected.
2025/12/12 11:35:19 wazuh-authd: INFO: Received request for a new agent (srv_bastion_ib) from: 192.168.1.7
2025/12/12 11:35:19 wazuh-authd: WARNING: Duplicate name 'srv_bastion_ib', rejecting enrollment. Agent '009' can't be replaced since it is not disconnected.
2025/12/12 11:35:38 wazuh-authd: INFO: Received request for a new agent (srv_bastion_ib) from: 192.168.1.7
2025/12/12 11:35:38 wazuh-authd: WARNING: Duplicate name 'srv_bastion_ib', rejecting enrollment. Agent '009' can't be replaced since it is not disconnected.
2025/12/12 11:36:31 wazuh-authd: INFO: Received request for a new agent (srv_bastion_ib) from: 192.168.1.7
2025/12/12 11:36:31 wazuh-authd: WARNING: Duplicate name 'srv_bastion_ib', rejecting enrollment. Agent '009' can't be replaced since it is not disconnected.
2025/12/12 11:37:44 wazuh-authd: INFO: Received request for a new agent (srv_bastion_ib) from: 192.168.1.7
2025/12/12 11:37:44 wazuh-authd: WARNING: Duplicate name 'srv_bastion_ib', rejecting enrollment. Agent '009' can't be replaced since it is not disconnected.
2025/12/12 11:38:27 wazuh-authd: INFO: Received request for a new agent (srv_bastion_ib) from: 192.168.1.7
2025/12/12 11:38:27 wazuh-authd: WARNING: Duplicate name 'srv_bastion_ib', rejecting enrollment. Agent '009' can't be replaced since it is not disconnected.
2025/12/12 11:43:02 wazuh-authd: INFO: Received request for a new agent (srv_users) from: 192.168.1.2
2025/12/12 11:43:02 wazuh-authd: WARNING: Duplicate name 'srv_users', rejecting enrollment. Agent '003' can't be replaced since it is not disconnected.
2025/12/12 11:43:03 wazuh-authd: INFO: Received request for a new agent (srv_bastion_ib) from: 192.168.1.7
2025/12/12 11:43:03 wazuh-authd: WARNING: Duplicate name 'srv_bastion_ib', rejecting enrollment. Agent '009' can't be replaced since it is not disconnected.
2025/12/12 11:43:26 wazuh-authd: INFO: Received request for a new agent (srv_users) from: 192.168.1.2
2025/12/12 11:43:26 wazuh-authd: WARNING: Duplicate name 'srv_users', rejecting enrollment. Agent '003' can't be replaced since it is not disconnected.
2025/12/12 11:43:45 wazuh-authd: INFO: Received request for a new agent (srv_users) from: 192.168.1.2
2025/12/12 11:43:45 wazuh-authd: WARNING: Duplicate name 'srv_users', rejecting enrollment. Agent '003' can't be replaced since it is not disconnected.
2025/12/12 11:44:39 wazuh-authd: INFO: Received request for a new agent (srv_users) from: 192.168.1.2
2025/12/12 11:44:39 wazuh-authd: WARNING: Duplicate name 'srv_users', rejecting enrollment. Agent '003' can't be replaced since it is not disconnected.
2025/12/12 11:44:59 wazuh-authd: INFO: Received request for a new agent (srv_bastion_ib) from: 192.168.1.7
2025/12/12 11:44:59 wazuh-authd: INFO: Duplicate name. Removing old agent 'srv_bastion_ib' (id '009').
2025/12/12 11:44:59 wazuh-authd: INFO: Agent key generated for 'srv_bastion_ib' (requested by any)
2025/12/12 11:45:06 wazuh-remoted: INFO: (1409): Authentication file changed. Updating.
2025/12/12 11:45:06 wazuh-remoted: INFO: (1410): Reading authentication keys file.
2025/12/12 11:46:35 wazuh-authd: INFO: Received request for a new agent (srv_users) from: 192.168.1.2
2025/12/12 11:46:35 wazuh-authd: WARNING: Duplicate name 'srv_users', rejecting enrollment. Agent '003' can't be replaced since it is not disconnected.
2025/12/12 11:48:17 wazuh-authd: INFO: Received request for a new agent (srv_users) from: 192.168.1.2
2025/12/12 11:48:17 wazuh-authd: WARNING: Duplicate name 'srv_users', rejecting enrollment. Agent '003' can't be replaced since it is not disconnected.
2025/12/12 11:49:15 wazuh-authd: INFO: Received request for a new agent (srv_users) from: 192.168.1.2
2025/12/12 11:49:15 wazuh-authd: WARNING: Duplicate name 'srv_users', rejecting enrollment. Agent '003' can't be replaced since it is not disconnected.
2025/12/12 11:53:07 wazuh-authd: INFO: Received request for a new agent (srv_users) from: 192.168.1.2
2025/12/12 11:53:07 wazuh-authd: WARNING: Duplicate name 'srv_users', rejecting enrollment. Agent '003' can't be replaced since it is not disconnected.
2025/12/12 11:57:57 wazuh-authd: INFO: Received request for a new agent (srv_users) from: 192.168.1.2
2025/12/12 11:57:57 wazuh-authd: INFO: Duplicate name. Removing old agent 'srv_users' (id '003').
2025/12/12 11:57:57 wazuh-authd: INFO: Agent key generated for 'srv_users' (requested by any)
2025/12/12 11:58:00 wazuh-remoted: INFO: (1409): Authentication file changed. Updating.
2025/12/12 11:58:00 wazuh-remoted: INFO: (1410): Reading authentication keys file.
2025/12/12 15:28:48 wazuh-db: INFO: (1225): SIGNAL [(15)-(Terminated)] Received. Exit Cleaning...
2025/12/12 15:28:48 wazuh-monitord: INFO: (1225): SIGNAL [(15)-(Terminated)] Received. Exit Cleaning...
2025/12/12 15:28:48 wazuh-syscheckd: INFO: (1756): Shutdown received. Releasing resources.
2025/12/12 15:28:48 wazuh-authd: INFO: (1225): SIGNAL [(15)-(Terminated)] Received. Exit Cleaning...
2025/12/12 15:28:48 wazuh-logcollector: INFO: (1225): SIGNAL [(15)-(Terminated)] Received. Exit Cleaning...
2025/12/12 15:28:48 wazuh-execd: INFO: (1314): Shutdown received. Deleting responses.
2025/12/12 15:28:48 wazuh-remoted: INFO: (1225): SIGNAL [(15)-(Terminated)] Received. Exit Cleaning...
2025/12/12 15:28:48 wazuh-db: INFO: (1225): SIGNAL [(1)-(Hangup)] Received. Exit Cleaning...
2025/12/12 15:28:48 wazuh-syscheckd: INFO: (1225): SIGNAL [(15)-(Terminated)] Received. Exit Cleaning...
2025/12/12 15:28:48 wazuh-execd: INFO: (1225): SIGNAL [(15)-(Terminated)] Received. Exit Cleaning...
2025/12/12 15:28:48 wazuh-authd: INFO: (1225): SIGNAL [(1)-(Hangup)] Received. Exit Cleaning...
2025/12/12 15:28:48 wazuh-analysisd: INFO: (1225): SIGNAL [(15)-(Terminated)] Received. Exit Cleaning...
2025/12/12 15:28:48 :router: INFO: Stopping server thread
2025/12/12 21:28:44 wazuh-modulesd:router: INFO: Loaded router module.
2025/12/12 21:28:44 wazuh-modulesd:content_manager: INFO: Loaded content_manager module.
2025/12/12 21:28:44 wazuh-modulesd:inventory-harvester: INFO: Loaded Inventory harvester module.
2025/12/12 21:28:46 wazuh-csyslogd: INFO: Remote syslog server not configured. Clean exit.
2025/12/12 21:28:46 wazuh-dbd: INFO: Database not configured. Clean exit.
2025/12/12 21:28:46 wazuh-integratord: INFO: Remote integrations not configured. Clean exit.
2025/12/12 21:28:46 wazuh-agentlessd: INFO: Not configured. Exiting.
2025/12/12 21:28:46 wazuh-authd: INFO: Started (pid: 621).
2025/12/12 21:28:47 wazuh-authd: INFO: Accepting connections on port 1515. No password required.
2025/12/12 21:28:47 wazuh-authd: INFO: Setting network timeout to 1.000000 sec.
2025/12/12 21:28:48 wazuh-db: INFO: Started (pid: 637).
2025/12/12 21:28:48 :router: INFO: Registering GET endpoint: /v1/agents/ids
2025/12/12 21:28:48 :router: INFO: Registering GET endpoint: /v1/agents/ids/groups/:name
2025/12/12 21:28:48 :router: INFO: Registering GET endpoint: /v1/agents/ids/groups
2025/12/12 21:28:48 :router: INFO: Registering GET endpoint: /v1/agents/:agent_id/groups
2025/12/12 21:28:48 :router: INFO: Registering POST endpoint: /v1/agents/summary
2025/12/12 21:28:48 :router: INFO: Registering GET endpoint: /v1/agents/sync
2025/12/12 21:28:48 :router: INFO: Registering POST endpoint: /v1/agents/sync
2025/12/12 21:28:48 :router: INFO: Registering POST endpoint: /v1/agents/restartinfo
2025/12/12 21:28:48 :router: INFO: API started successfully
2025/12/12 21:28:48 wazuh-db: INFO: Created Global database backup "backup/db/global.db-backup-2025-12-12-21:28:48.gz"
2025/12/12 21:28:49 wazuh-execd: INFO: Started (pid: 676).
2025/12/12 21:28:50 wazuh-syscheckd: INFO: Started (pid: 701).
2025/12/12 21:28:50 wazuh-syscheckd: INFO: (6003): Monitoring path: '/bin', with options 'size | permissions | owner | group | mtime | inode | hash_md5 | hash_sha1 | hash_sha256 | scheduled'.
2025/12/12 21:28:50 wazuh-syscheckd: INFO: (6003): Monitoring path: '/boot', with options 'size | permissions | owner | group | mtime | inode | hash_md5 | hash_sha1 | hash_sha256 | scheduled'.
2025/12/12 21:28:50 wazuh-syscheckd: INFO: (6003): Monitoring path: '/etc', with options 'size | permissions | owner | group | mtime | inode | hash_md5 | hash_sha1 | hash_sha256 | scheduled'.
2025/12/12 21:28:50 wazuh-syscheckd: INFO: (6003): Monitoring path: '/sbin', with options 'size | permissions | owner | group | mtime | inode | hash_md5 | hash_sha1 | hash_sha256 | scheduled'.
2025/12/12 21:28:50 wazuh-syscheckd: INFO: (6003): Monitoring path: '/usr/bin', with options 'size | permissions | owner | group | mtime | inode | hash_md5 | hash_sha1 | hash_sha256 | scheduled'.
2025/12/12 21:28:50 wazuh-syscheckd: INFO: (6003): Monitoring path: '/usr/sbin', with options 'size | permissions | owner | group | mtime | inode | hash_md5 | hash_sha1 | hash_sha256 | scheduled'.
2025/12/12 21:28:50 wazuh-syscheckd: INFO: (6206): Ignore 'file' entry '/etc/mtab'
2025/12/12 21:28:50 wazuh-syscheckd: INFO: (6206): Ignore 'file' entry '/etc/hosts.deny'
2025/12/12 21:28:50 wazuh-syscheckd: INFO: (6206): Ignore 'file' entry '/etc/mail/statistics'
2025/12/12 21:28:50 wazuh-syscheckd: INFO: (6206): Ignore 'file' entry '/etc/random-seed'
2025/12/12 21:28:50 wazuh-syscheckd: INFO: (6206): Ignore 'file' entry '/etc/random.seed'
2025/12/12 21:28:50 wazuh-syscheckd: INFO: (6206): Ignore 'file' entry '/etc/adjtime'
2025/12/12 21:28:50 wazuh-syscheckd: INFO: (6206): Ignore 'file' entry '/etc/httpd/logs'
2025/12/12 21:28:50 wazuh-syscheckd: INFO: (6206): Ignore 'file' entry '/etc/utmpx'
2025/12/12 21:28:50 wazuh-syscheckd: INFO: (6206): Ignore 'file' entry '/etc/wtmpx'
2025/12/12 21:28:50 wazuh-syscheckd: INFO: (6206): Ignore 'file' entry '/etc/cups/certs'
2025/12/12 21:28:50 wazuh-syscheckd: INFO: (6206): Ignore 'file' entry '/etc/dumpdates'
2025/12/12 21:28:50 wazuh-syscheckd: INFO: (6206): Ignore 'file' entry '/etc/svc/volatile'
2025/12/12 21:28:50 wazuh-syscheckd: INFO: (6207): Ignore 'file' sregex '.log$|.swp$'
2025/12/12 21:28:50 wazuh-syscheckd: INFO: (6004): No diff for file: '/etc/ssl/private.key'
2025/12/12 21:28:50 rootcheck: INFO: Starting rootcheck scan.
2025/12/12 21:28:50 wazuh-syscheckd: INFO: (6000): Starting daemon...
2025/12/12 21:28:50 wazuh-syscheckd: INFO: (6010): File integrity monitoring scan frequency: 43200 seconds
2025/12/12 21:28:50 wazuh-syscheckd: INFO: (6008): File integrity monitoring scan started.
2025/12/12 21:28:51 wazuh-syscheckd: INFO: (6009): File integrity monitoring scan ended.
2025/12/12 21:28:51 wazuh-syscheckd: INFO: FIM sync module started.
2025/12/12 21:28:51 wazuh-remoted: INFO: Started (pid: 728). Listening on port 1514/TCP (secure).
2025/12/12 21:28:51 wazuh-analysisd: INFO: Total rules enabled: '8452'
2025/12/12 21:28:51 wazuh-analysisd: INFO: Started (pid: 691).
2025/12/12 21:28:51 wazuh-remoted: INFO: (1410): Reading authentication keys file.
2025/12/12 21:28:52 wazuh-analysisd: INFO: (7200): Logtest started
2025/12/12 21:28:52 wazuh-analysisd: INFO: EPS limit disabled
2025/12/12 21:28:52 wazuh-logcollector: INFO: Monitoring output of command(360): df -P
2025/12/12 21:28:52 wazuh-logcollector: INFO: Monitoring full output of command(360): netstat -tulpn | sed 's/\([[:alnum:]]\+\)\ \+[[:digit:]]\+\ \+[[:digit:]]\+\ \+\(.*\):\([[:digit:]]*\)\ \+\([0-9\.\:\*]\+\).\+\ \([[:digit:]]*\/[[:alnum:]\-]*\).*/\1 \2 == \3 == \4 \5/' | sort -k 4 -g | sed 's/ == \(.*\) ==/:\1/' | sed 1,2d
2025/12/12 21:28:52 wazuh-logcollector: INFO: Monitoring full output of command(360): last -n 20
2025/12/12 21:28:52 wazuh-logcollector: INFO: (1950): Analyzing file: '/var/ossec/logs/active-responses.log'.
2025/12/12 21:28:52 wazuh-monitord: INFO: Started (pid: 910).
2025/12/12 21:28:52 wazuh-logcollector: INFO: Started (pid: 878).
2025/12/12 21:28:53 wazuh-modulesd:router: INFO: Loaded router module.
2025/12/12 21:28:53 wazuh-modulesd:content_manager: INFO: Loaded content_manager module.
2025/12/12 21:28:53 wazuh-modulesd:inventory-harvester: INFO: Loaded Inventory harvester module.
2025/12/12 21:28:53 wazuh-modulesd: INFO: Started (pid: 997).
2025/12/12 21:28:53 wazuh-modulesd:agent-upgrade: INFO: (8153): Module Agent Upgrade started.
2025/12/12 21:28:53 wazuh-modulesd:ciscat: INFO: Module disabled. Exiting...
2025/12/12 21:28:53 wazuh-modulesd:task-manager: INFO: (8200): Module Task Manager started.
2025/12/12 21:28:53 wazuh-modulesd:osquery: INFO: Module disabled. Exiting...
2025/12/12 21:28:53 wazuh-modulesd:router: INFO: Starting router module.
2025/12/12 21:28:53 wazuh-modulesd:vulnerability-scanner: INFO: Starting vulnerability_scanner module.
2025/12/12 21:28:53 sca: INFO: Module started.
2025/12/12 21:28:53 sca: INFO: Loaded policy '/var/ossec/ruleset/sca/cis_amazon_linux_2023.yml'
2025/12/12 21:28:53 wazuh-modulesd:content_manager: INFO: Starting content_manager module.
2025/12/12 21:28:53 wazuh-modulesd:database: INFO: Module started.
2025/12/12 21:28:53 wazuh-modulesd:download: INFO: Module started.
2025/12/12 21:28:53 wazuh-modulesd:control: INFO: Starting control thread.
2025/12/12 21:28:53 wazuh-modulesd:inventory-harvester: INFO: Starting inventory_harvester module.
2025/12/12 21:28:53 sca: INFO: Starting Security Configuration Assessment scan.
2025/12/12 21:28:54 sca: INFO: Starting evaluation of policy: '/var/ossec/ruleset/sca/cis_amazon_linux_2023.yml'
2025/12/12 21:28:54 wazuh-modulesd:syscollector: INFO: Module started.
2025/12/12 21:28:54 wazuh-modulesd:syscollector: INFO: Starting evaluation.
2025/12/12 21:28:54 wazuh-modulesd:syscollector: INFO: Evaluation finished.
2025/12/12 21:28:55 indexer-connector: WARNING: IndexerConnector initialization failed for index 'wazuh-states-vulnerabilities-srv_wazuh_manager', retrying until the connection is successful.
2025/12/12 21:28:55 indexer-connector: WARNING: IndexerConnector initialization failed for index 'wazuh-states-inventory-packages-srv_wazuh_manager', retrying until the connection is successful.
2025/12/12 21:28:55 indexer-connector: WARNING: IndexerConnector initialization failed for index 'wazuh-states-inventory-system-srv_wazuh_manager', retrying until the connection is successful.
2025/12/12 21:28:55 wazuh-modulesd:vulnerability-scanner: ERROR: Error opening the database: Couldn't find column family: 'vendor_map'.
2025/12/12 21:28:55 indexer-connector: WARNING: IndexerConnector initialization failed for index 'wazuh-states-inventory-processes-srv_wazuh_manager', retrying until the connection is successful.
2025/12/12 21:28:55 wazuh-modulesd:content-updater: WARNING: Couldn't run full content download: Error -1 from server: Could not resolve hostname - Response body: .
2025/12/12 21:28:55 wazuh-modulesd:content-updater: ERROR: Action for 'vulnerability_feed_manager' failed: Orchestration run failed: Error -1 from server: Could not resolve hostname - Response body: .
2025/12/12 21:28:55 indexer-connector: WARNING: IndexerConnector initialization failed for index 'wazuh-states-inventory-ports-srv_wazuh_manager', retrying until the connection is successful.
2025/12/12 21:28:55 indexer-connector: WARNING: IndexerConnector initialization failed for index 'wazuh-states-inventory-hotfixes-srv_wazuh_manager', retrying until the connection is successful.
2025/12/12 21:28:55 wazuh-modulesd:vulnerability-scanner: INFO: Vulnerability scanner module started.
2025/12/12 21:28:56 indexer-connector: WARNING: IndexerConnector initialization failed for index 'wazuh-states-inventory-hardware-srv_wazuh_manager', retrying until the connection is successful.
2025/12/12 21:28:56 indexer-connector: WARNING: IndexerConnector initialization failed for index 'wazuh-states-inventory-protocols-srv_wazuh_manager', retrying until the connection is successful.
2025/12/12 21:28:56 indexer-connector: WARNING: IndexerConnector initialization failed for index 'wazuh-states-inventory-interfaces-srv_wazuh_manager', retrying until the connection is successful.
2025/12/12 21:28:56 indexer-connector: WARNING: IndexerConnector initialization failed for index 'wazuh-states-inventory-networks-srv_wazuh_manager', retrying until the connection is successful.
2025/12/12 21:28:57 indexer-connector: WARNING: IndexerConnector initialization failed for index 'wazuh-states-inventory-users-srv_wazuh_manager', retrying until the connection is successful.
2025/12/12 21:28:57 indexer-connector: WARNING: IndexerConnector initialization failed for index 'wazuh-states-inventory-groups-srv_wazuh_manager', retrying until the connection is successful.
2025/12/12 21:28:57 indexer-connector: WARNING: IndexerConnector initialization failed for index 'wazuh-states-inventory-browser-extensions-srv_wazuh_manager', retrying until the connection is successful.
2025/12/12 21:28:57 indexer-connector: WARNING: IndexerConnector initialization failed for index 'wazuh-states-inventory-services-srv_wazuh_manager', retrying until the connection is successful.
2025/12/12 21:28:57 logger-helper: INFO: InventoryHarvesterFacade module started.
2025/12/12 21:28:59 sca: INFO: Evaluation finished for policy '/var/ossec/ruleset/sca/cis_amazon_linux_2023.yml'
2025/12/12 21:28:59 sca: INFO: Security Configuration Assessment scan finished. Duration: 6 seconds.
2025/12/12 21:29:12 wazuh-syscheckd: INFO: netstat not available. Skipping port check.
2025/12/12 21:29:16 rootcheck: INFO: Ending rootcheck scan.
2025/12/12 21:29:57 indexer-connector: INFO: IndexerConnector initialized successfully for index: wazuh-states-vulnerabilities-srv_wazuh_manager.
2025/12/12 21:29:57 indexer-connector: INFO: IndexerConnector initialized successfully for index: wazuh-states-inventory-packages-srv_wazuh_manager.
2025/12/12 21:29:57 indexer-connector: INFO: IndexerConnector initialized successfully for index: wazuh-states-inventory-system-srv_wazuh_manager.
2025/12/12 21:29:57 indexer-connector: INFO: IndexerConnector initialized successfully for index: wazuh-states-inventory-processes-srv_wazuh_manager.
2025/12/12 21:29:57 indexer-connector: INFO: IndexerConnector initialized successfully for index: wazuh-states-inventory-ports-srv_wazuh_manager.
2025/12/12 21:29:58 indexer-connector: INFO: IndexerConnector initialized successfully for index: wazuh-states-inventory-hotfixes-srv_wazuh_manager.
2025/12/12 21:29:58 indexer-connector: INFO: IndexerConnector initialized successfully for index: wazuh-states-inventory-hardware-srv_wazuh_manager.
2025/12/12 21:29:58 indexer-connector: INFO: IndexerConnector initialized successfully for index: wazuh-states-inventory-protocols-srv_wazuh_manager.
2025/12/12 21:29:58 indexer-connector: INFO: IndexerConnector initialized successfully for index: wazuh-states-inventory-interfaces-srv_wazuh_manager.
2025/12/12 21:29:59 indexer-connector: INFO: IndexerConnector initialized successfully for index: wazuh-states-inventory-networks-srv_wazuh_manager.
2025/12/12 21:29:59 indexer-connector: INFO: IndexerConnector initialized successfully for index: wazuh-states-inventory-users-srv_wazuh_manager.
2025/12/12 21:29:59 indexer-connector: INFO: IndexerConnector initialized successfully for index: wazuh-states-inventory-browser-extensions-srv_wazuh_manager.
2025/12/12 21:29:59 indexer-connector: INFO: IndexerConnector initialized successfully for index: wazuh-states-inventory-groups-srv_wazuh_manager.
2025/12/12 21:29:59 indexer-connector: INFO: IndexerConnector initialized successfully for index: wazuh-states-inventory-services-srv_wazuh_manager.
2025/12/12 22:28:55 wazuh-modulesd:content-updater: WARNING: Couldn't run full content download: Error -1 from server: Could not resolve hostname - Response body: .
2025/12/12 22:28:55 wazuh-modulesd:content-updater: ERROR: Action for 'vulnerability_feed_manager' failed: Orchestration run failed: Error -1 from server: Could not resolve hostname - Response body: .
2025/12/12 22:28:56 wazuh-modulesd:syscollector: INFO: Starting evaluation.
2025/12/12 22:29:01 wazuh-modulesd:syscollector: INFO: Evaluation finished.
2025/12/12 23:28:55 wazuh-modulesd:content-updater: WARNING: Couldn't run full content download: Error -1 from server: Could not resolve hostname - Response body: .
2025/12/12 23:28:55 wazuh-modulesd:content-updater: ERROR: Action for 'vulnerability_feed_manager' failed: Orchestration run failed: Error -1 from server: Could not resolve hostname - Response body: .
2025/12/12 23:29:02 wazuh-modulesd:syscollector: INFO: Starting evaluation.
2025/12/12 23:29:08 wazuh-modulesd:syscollector: INFO: Evaluation finished.
2025/12/13 00:00:09 wazuh-monitord: INFO: Running daily rotation of log files.
