2025/12/10 08:41:29 wazuh-monitord: INFO: Starting new log after rotation.
2025/12/10 08:41:32 sca: INFO: Evaluation finished for policy '/var/ossec/ruleset/sca/cis_amazon_linux_2023.yml'
2025/12/10 08:41:32 sca: INFO: Security Configuration Assessment scan finished. Duration: 13 seconds.
2025/12/10 08:41:43 wazuh-syscheckd: INFO: netstat not available. Skipping port check.
2025/12/10 08:41:48 rootcheck: INFO: Ending rootcheck scan.
2025/12/10 09:28:49 wazuh-modulesd:syscollector: INFO: Starting evaluation.
2025/12/10 09:28:56 wazuh-modulesd:syscollector: INFO: Evaluation finished.
2025/12/10 10:28:57 wazuh-modulesd:syscollector: INFO: Starting evaluation.
2025/12/10 10:29:04 wazuh-modulesd:syscollector: INFO: Evaluation finished.
2025/12/10 11:29:05 wazuh-modulesd:syscollector: INFO: Starting evaluation.
2025/12/10 11:29:11 wazuh-modulesd:syscollector: INFO: Evaluation finished.
2025/12/10 12:29:12 wazuh-modulesd:syscollector: INFO: Starting evaluation.
2025/12/10 12:29:18 wazuh-modulesd:syscollector: INFO: Evaluation finished.
2025/12/10 13:29:20 wazuh-modulesd:syscollector: INFO: Starting evaluation.
2025/12/10 13:29:26 wazuh-modulesd:syscollector: INFO: Evaluation finished.
2025/12/10 14:29:27 wazuh-modulesd:syscollector: INFO: Starting evaluation.
2025/12/10 14:29:33 wazuh-modulesd:syscollector: INFO: Evaluation finished.
2025/12/10 15:29:34 wazuh-modulesd:syscollector: INFO: Starting evaluation.
2025/12/10 15:29:40 wazuh-modulesd:syscollector: INFO: Evaluation finished.
2025/12/10 16:29:42 wazuh-modulesd:syscollector: INFO: Starting evaluation.
2025/12/10 16:29:48 wazuh-modulesd:syscollector: INFO: Evaluation finished.
2025/12/10 16:41:25 wazuh-modulesd:vulnerability-scanner: INFO: Initiating update feed process.
2025/12/10 16:42:21 wazuh-modulesd:vulnerability-scanner: INFO: Triggered a re-scan after content update.
2025/12/10 16:42:21 wazuh-modulesd:vulnerability-scanner: INFO: Feed update process completed.
2025/12/10 17:29:48 wazuh-modulesd:syscollector: INFO: Starting evaluation.
2025/12/10 17:29:53 wazuh-modulesd:syscollector: INFO: Evaluation finished.
2025/12/10 18:14:40 wazuh-db: INFO: Created Global database backup "backup/db/global.db-backup-2025-12-10-18:14:40.gz"
2025/12/10 18:29:54 wazuh-modulesd:syscollector: INFO: Starting evaluation.
2025/12/10 18:30:01 wazuh-modulesd:syscollector: INFO: Evaluation finished.
2025/12/10 19:30:02 wazuh-modulesd:syscollector: INFO: Starting evaluation.
2025/12/10 19:30:08 wazuh-modulesd:syscollector: INFO: Evaluation finished.
2025/12/10 20:30:09 wazuh-modulesd:syscollector: INFO: Starting evaluation.
2025/12/10 20:30:15 wazuh-modulesd:syscollector: INFO: Evaluation finished.
2025/12/10 20:36:43 sca: INFO: Starting Security Configuration Assessment scan.
2025/12/10 20:36:43 sca: INFO: Starting evaluation of policy: '/var/ossec/ruleset/sca/cis_amazon_linux_2023.yml'
2025/12/10 20:36:50 sca: INFO: Evaluation finished for policy '/var/ossec/ruleset/sca/cis_amazon_linux_2023.yml'
2025/12/10 20:36:50 sca: INFO: Security Configuration Assessment scan finished. Duration: 7 seconds.
2025/12/10 20:41:24 wazuh-syscheckd: INFO: (6008): File integrity monitoring scan started.
2025/12/10 20:41:24 wazuh-syscheckd: INFO: (6009): File integrity monitoring scan ended.
2025/12/10 20:41:49 rootcheck: INFO: Starting rootcheck scan.
2025/12/10 20:42:08 wazuh-syscheckd: INFO: netstat not available. Skipping port check.
2025/12/10 20:42:14 rootcheck: INFO: Ending rootcheck scan.
2025/12/10 21:30:17 wazuh-modulesd:syscollector: INFO: Starting evaluation.
2025/12/10 21:30:21 wazuh-modulesd:syscollector: INFO: Evaluation finished.
2025/12/10 23:30:07 wazuh-modulesd:content-updater: WARNING: Offset processing failed. Triggered a snapshot download.
2025/12/10 23:30:07 wazuh-modulesd:content-updater: WARNING: Couldn't run full content download: Error -1 from server: Could not resolve hostname - Response body: .
2025/12/10 23:30:07 wazuh-modulesd:content-updater: ERROR: Action for 'vulnerability_feed_manager' failed: Error -1 from server: Could not resolve hostname - Response body: .
2025/12/11 09:40:36 wazuh-modulesd:router: INFO: Loaded router module.
2025/12/11 09:40:36 wazuh-modulesd:content_manager: INFO: Loaded content_manager module.
2025/12/11 09:40:36 wazuh-modulesd:inventory-harvester: INFO: Loaded Inventory harvester module.
2025/12/11 09:40:40 wazuh-csyslogd: INFO: Remote syslog server not configured. Clean exit.
2025/12/11 09:40:40 wazuh-dbd: INFO: Database not configured. Clean exit.
2025/12/11 09:40:40 wazuh-integratord: INFO: Remote integrations not configured. Clean exit.
2025/12/11 09:40:40 wazuh-agentlessd: INFO: Not configured. Exiting.
2025/12/11 09:40:40 wazuh-authd: INFO: Started (pid: 440).
2025/12/11 09:40:40 wazuh-authd: INFO: Accepting connections on port 1515. No password required.
2025/12/11 09:40:40 wazuh-authd: INFO: Setting network timeout to 1.000000 sec.
2025/12/11 09:40:40 wazuh-db: INFO: Started (pid: 457).
2025/12/11 09:40:40 :router: INFO: Registering GET endpoint: /v1/agents/ids
2025/12/11 09:40:40 :router: INFO: Registering GET endpoint: /v1/agents/ids/groups/:name
2025/12/11 09:40:40 :router: INFO: Registering GET endpoint: /v1/agents/ids/groups
2025/12/11 09:40:40 :router: INFO: Registering GET endpoint: /v1/agents/:agent_id/groups
2025/12/11 09:40:40 :router: INFO: Registering POST endpoint: /v1/agents/summary
2025/12/11 09:40:40 :router: INFO: Registering GET endpoint: /v1/agents/sync
2025/12/11 09:40:40 :router: INFO: Registering POST endpoint: /v1/agents/sync
2025/12/11 09:40:40 :router: INFO: Registering POST endpoint: /v1/agents/restartinfo
2025/12/11 09:40:40 :router: INFO: API started successfully
2025/12/11 09:40:41 wazuh-execd: INFO: Started (pid: 500).
2025/12/11 09:40:41 wazuh-syscheckd: INFO: Started (pid: 530).
2025/12/11 09:40:41 wazuh-syscheckd: INFO: (6003): Monitoring path: '/bin', with options 'size | permissions | owner | group | mtime | inode | hash_md5 | hash_sha1 | hash_sha256 | scheduled'.
2025/12/11 09:40:41 wazuh-syscheckd: INFO: (6003): Monitoring path: '/boot', with options 'size | permissions | owner | group | mtime | inode | hash_md5 | hash_sha1 | hash_sha256 | scheduled'.
2025/12/11 09:40:41 wazuh-syscheckd: INFO: (6003): Monitoring path: '/etc', with options 'size | permissions | owner | group | mtime | inode | hash_md5 | hash_sha1 | hash_sha256 | scheduled'.
2025/12/11 09:40:41 wazuh-syscheckd: INFO: (6003): Monitoring path: '/sbin', with options 'size | permissions | owner | group | mtime | inode | hash_md5 | hash_sha1 | hash_sha256 | scheduled'.
2025/12/11 09:40:41 wazuh-syscheckd: INFO: (6003): Monitoring path: '/usr/bin', with options 'size | permissions | owner | group | mtime | inode | hash_md5 | hash_sha1 | hash_sha256 | scheduled'.
2025/12/11 09:40:41 wazuh-syscheckd: INFO: (6003): Monitoring path: '/usr/sbin', with options 'size | permissions | owner | group | mtime | inode | hash_md5 | hash_sha1 | hash_sha256 | scheduled'.
2025/12/11 09:40:41 wazuh-syscheckd: INFO: (6206): Ignore 'file' entry '/etc/mtab'
2025/12/11 09:40:41 wazuh-syscheckd: INFO: (6206): Ignore 'file' entry '/etc/hosts.deny'
2025/12/11 09:40:41 wazuh-syscheckd: INFO: (6206): Ignore 'file' entry '/etc/mail/statistics'
2025/12/11 09:40:41 wazuh-syscheckd: INFO: (6206): Ignore 'file' entry '/etc/random-seed'
2025/12/11 09:40:41 wazuh-syscheckd: INFO: (6206): Ignore 'file' entry '/etc/random.seed'
2025/12/11 09:40:41 wazuh-syscheckd: INFO: (6206): Ignore 'file' entry '/etc/adjtime'
2025/12/11 09:40:41 wazuh-syscheckd: INFO: (6206): Ignore 'file' entry '/etc/httpd/logs'
2025/12/11 09:40:42 wazuh-syscheckd: INFO: (6206): Ignore 'file' entry '/etc/utmpx'
2025/12/11 09:40:42 wazuh-syscheckd: INFO: (6206): Ignore 'file' entry '/etc/wtmpx'
2025/12/11 09:40:42 wazuh-syscheckd: INFO: (6206): Ignore 'file' entry '/etc/cups/certs'
2025/12/11 09:40:42 wazuh-syscheckd: INFO: (6206): Ignore 'file' entry '/etc/dumpdates'
2025/12/11 09:40:42 wazuh-syscheckd: INFO: (6206): Ignore 'file' entry '/etc/svc/volatile'
2025/12/11 09:40:42 wazuh-syscheckd: INFO: (6207): Ignore 'file' sregex '.log$|.swp$'
2025/12/11 09:40:42 wazuh-syscheckd: INFO: (6004): No diff for file: '/etc/ssl/private.key'
2025/12/11 09:40:42 rootcheck: INFO: Starting rootcheck scan.
2025/12/11 09:40:42 wazuh-syscheckd: INFO: (6000): Starting daemon...
2025/12/11 09:40:42 wazuh-syscheckd: INFO: (6010): File integrity monitoring scan frequency: 43200 seconds
2025/12/11 09:40:42 wazuh-syscheckd: INFO: (6008): File integrity monitoring scan started.
2025/12/11 09:40:42 wazuh-remoted: INFO: Started (pid: 552). Listening on port 1514/TCP (secure).
2025/12/11 09:40:43 wazuh-syscheckd: INFO: (6009): File integrity monitoring scan ended.
2025/12/11 09:40:43 wazuh-syscheckd: INFO: FIM sync module started.
2025/12/11 09:40:43 wazuh-analysisd: INFO: Total rules enabled: '8452'
2025/12/11 09:40:43 wazuh-analysisd: INFO: Started (pid: 516).
2025/12/11 09:40:43 wazuh-analysisd: INFO: (7200): Logtest started
2025/12/11 09:40:43 wazuh-remoted: INFO: (1410): Reading authentication keys file.
2025/12/11 09:40:44 wazuh-analysisd: INFO: EPS limit disabled
2025/12/11 09:40:44 wazuh-logcollector: INFO: Monitoring output of command(360): df -P
2025/12/11 09:40:44 wazuh-logcollector: INFO: Monitoring full output of command(360): netstat -tulpn | sed 's/\([[:alnum:]]\+\)\ \+[[:digit:]]\+\ \+[[:digit:]]\+\ \+\(.*\):\([[:digit:]]*\)\ \+\([0-9\.\:\*]\+\).\+\ \([[:digit:]]*\/[[:alnum:]\-]*\).*/\1 \2 == \3 == \4 \5/' | sort -k 4 -g | sed 's/ == \(.*\) ==/:\1/' | sed 1,2d
2025/12/11 09:40:44 wazuh-logcollector: INFO: Monitoring full output of command(360): last -n 20
2025/12/11 09:40:44 wazuh-logcollector: INFO: (1950): Analyzing file: '/var/ossec/logs/active-responses.log'.
2025/12/11 09:40:44 wazuh-monitord: INFO: Started (pid: 662).
2025/12/11 09:40:44 wazuh-logcollector: INFO: Started (pid: 626).
2025/12/11 09:40:44 wazuh-modulesd:router: INFO: Loaded router module.
2025/12/11 09:40:44 wazuh-modulesd:content_manager: INFO: Loaded content_manager module.
2025/12/11 09:40:44 wazuh-modulesd:inventory-harvester: INFO: Loaded Inventory harvester module.
2025/12/11 09:40:44 wazuh-modulesd: INFO: Started (pid: 707).
2025/12/11 09:40:44 wazuh-modulesd:ciscat: INFO: Module disabled. Exiting...
2025/12/11 09:40:44 wazuh-modulesd:agent-upgrade: INFO: (8153): Module Agent Upgrade started.
2025/12/11 09:40:44 wazuh-modulesd:vulnerability-scanner: INFO: Starting vulnerability_scanner module.
2025/12/11 09:40:44 sca: INFO: Module started.
2025/12/11 09:40:44 wazuh-modulesd:task-manager: INFO: (8200): Module Task Manager started.
2025/12/11 09:40:44 wazuh-modulesd:osquery: INFO: Module disabled. Exiting...
2025/12/11 09:40:44 wazuh-modulesd:router: INFO: Starting router module.
2025/12/11 09:40:44 sca: INFO: Loaded policy '/var/ossec/ruleset/sca/cis_amazon_linux_2023.yml'
2025/12/11 09:40:44 wazuh-modulesd:content_manager: INFO: Starting content_manager module.
2025/12/11 09:40:44 wazuh-modulesd:control: INFO: Starting control thread.
2025/12/11 09:40:44 wazuh-modulesd:database: INFO: Module started.
2025/12/11 09:40:44 wazuh-modulesd:download: INFO: Module started.
2025/12/11 09:40:44 wazuh-modulesd:inventory-harvester: INFO: Starting inventory_harvester module.
2025/12/11 09:40:44 sca: INFO: Starting Security Configuration Assessment scan.
2025/12/11 09:40:44 sca: INFO: Starting evaluation of policy: '/var/ossec/ruleset/sca/cis_amazon_linux_2023.yml'
2025/12/11 09:40:44 wazuh-modulesd:syscollector: INFO: Module started.
2025/12/11 09:40:44 wazuh-modulesd:syscollector: INFO: Starting evaluation.
2025/12/11 09:40:45 wazuh-modulesd:syscollector: INFO: Evaluation finished.
2025/12/11 09:40:45 indexer-connector: WARNING: IndexerConnector initialization failed for index 'wazuh-states-inventory-packages-srv_wazuh_manager', retrying until the connection is successful.
2025/12/11 09:40:45 indexer-connector: WARNING: IndexerConnector initialization failed for index 'wazuh-states-vulnerabilities-srv_wazuh_manager', retrying until the connection is successful.
2025/12/11 09:40:46 indexer-connector: WARNING: IndexerConnector initialization failed for index 'wazuh-states-inventory-system-srv_wazuh_manager', retrying until the connection is successful.
2025/12/11 09:40:46 indexer-connector: WARNING: IndexerConnector initialization failed for index 'wazuh-states-inventory-processes-srv_wazuh_manager', retrying until the connection is successful.
2025/12/11 09:40:46 indexer-connector: WARNING: IndexerConnector initialization failed for index 'wazuh-states-inventory-ports-srv_wazuh_manager', retrying until the connection is successful.
2025/12/11 09:40:47 indexer-connector: WARNING: IndexerConnector initialization failed for index 'wazuh-states-inventory-hotfixes-srv_wazuh_manager', retrying until the connection is successful.
2025/12/11 09:40:47 indexer-connector: WARNING: IndexerConnector initialization failed for index 'wazuh-states-inventory-hardware-srv_wazuh_manager', retrying until the connection is successful.
2025/12/11 09:40:47 indexer-connector: WARNING: IndexerConnector initialization failed for index 'wazuh-states-inventory-protocols-srv_wazuh_manager', retrying until the connection is successful.
2025/12/11 09:40:48 indexer-connector: WARNING: IndexerConnector initialization failed for index 'wazuh-states-inventory-interfaces-srv_wazuh_manager', retrying until the connection is successful.
2025/12/11 09:40:48 indexer-connector: WARNING: IndexerConnector initialization failed for index 'wazuh-states-inventory-networks-srv_wazuh_manager', retrying until the connection is successful.
2025/12/11 09:40:48 indexer-connector: WARNING: IndexerConnector initialization failed for index 'wazuh-states-inventory-users-srv_wazuh_manager', retrying until the connection is successful.
2025/12/11 09:40:49 indexer-connector: WARNING: IndexerConnector initialization failed for index 'wazuh-states-inventory-groups-srv_wazuh_manager', retrying until the connection is successful.
2025/12/11 09:40:49 indexer-connector: WARNING: IndexerConnector initialization failed for index 'wazuh-states-inventory-browser-extensions-srv_wazuh_manager', retrying until the connection is successful.
2025/12/11 09:40:49 indexer-connector: WARNING: IndexerConnector initialization failed for index 'wazuh-states-inventory-services-srv_wazuh_manager', retrying until the connection is successful.
2025/12/11 09:40:49 logger-helper: INFO: InventoryHarvesterFacade module started.
2025/12/11 09:40:51 sca: INFO: Evaluation finished for policy '/var/ossec/ruleset/sca/cis_amazon_linux_2023.yml'
2025/12/11 09:40:51 sca: INFO: Security Configuration Assessment scan finished. Duration: 7 seconds.
2025/12/11 09:40:54 wazuh-modulesd:vulnerability-scanner: INFO: Vulnerability scanner module started.
2025/12/11 09:41:04 wazuh-syscheckd: INFO: netstat not available. Skipping port check.
2025/12/11 09:41:09 rootcheck: INFO: Ending rootcheck scan.
2025/12/11 09:41:48 indexer-connector: INFO: IndexerConnector initialized successfully for index: wazuh-states-inventory-packages-srv_wazuh_manager.
2025/12/11 09:41:48 indexer-connector: INFO: IndexerConnector initialized successfully for index: wazuh-states-inventory-system-srv_wazuh_manager.
2025/12/11 09:41:48 indexer-connector: INFO: IndexerConnector initialized successfully for index: wazuh-states-vulnerabilities-srv_wazuh_manager.
2025/12/11 09:41:48 indexer-connector: INFO: IndexerConnector initialized successfully for index: wazuh-states-inventory-processes-srv_wazuh_manager.
2025/12/11 09:41:49 indexer-connector: INFO: IndexerConnector initialized successfully for index: wazuh-states-inventory-ports-srv_wazuh_manager.
2025/12/11 09:41:49 indexer-connector: INFO: IndexerConnector initialized successfully for index: wazuh-states-inventory-hotfixes-srv_wazuh_manager.
2025/12/11 09:41:49 indexer-connector: INFO: IndexerConnector initialized successfully for index: wazuh-states-inventory-hardware-srv_wazuh_manager.
2025/12/11 09:41:51 indexer-connector: INFO: IndexerConnector initialized successfully for index: wazuh-states-inventory-protocols-srv_wazuh_manager.
2025/12/11 09:41:51 indexer-connector: INFO: IndexerConnector initialized successfully for index: wazuh-states-inventory-interfaces-srv_wazuh_manager.
2025/12/11 09:41:52 indexer-connector: INFO: IndexerConnector initialized successfully for index: wazuh-states-inventory-users-srv_wazuh_manager.
2025/12/11 09:41:52 indexer-connector: INFO: IndexerConnector initialized successfully for index: wazuh-states-inventory-networks-srv_wazuh_manager.
2025/12/11 09:41:52 indexer-connector: INFO: IndexerConnector initialized successfully for index: wazuh-states-inventory-groups-srv_wazuh_manager.
2025/12/11 09:41:52 indexer-connector: INFO: IndexerConnector initialized successfully for index: wazuh-states-inventory-services-srv_wazuh_manager.
2025/12/11 09:41:52 indexer-connector: INFO: IndexerConnector initialized successfully for index: wazuh-states-inventory-browser-extensions-srv_wazuh_manager.
2025/12/11 10:08:52 wazuh-db: INFO: (1225): SIGNAL [(15)-(Terminated)] Received. Exit Cleaning...
2025/12/11 10:08:52 wazuh-authd: INFO: (1225): SIGNAL [(15)-(Terminated)] Received. Exit Cleaning...
2025/12/11 10:08:52 wazuh-analysisd: INFO: (1225): SIGNAL [(15)-(Terminated)] Received. Exit Cleaning...
2025/12/11 10:08:52 wazuh-remoted: INFO: (1225): SIGNAL [(15)-(Terminated)] Received. Exit Cleaning...
2025/12/11 10:08:52 wazuh-logcollector: INFO: (1225): SIGNAL [(15)-(Terminated)] Received. Exit Cleaning...
2025/12/11 10:08:52 wazuh-execd: INFO: (1314): Shutdown received. Deleting responses.
2025/12/11 10:08:52 wazuh-monitord: INFO: (1225): SIGNAL [(15)-(Terminated)] Received. Exit Cleaning...
2025/12/11 10:08:52 wazuh-syscheckd: INFO: (1756): Shutdown received. Releasing resources.
2025/12/11 10:08:52 wazuh-authd: INFO: (1225): SIGNAL [(1)-(Hangup)] Received. Exit Cleaning...
2025/12/11 10:08:52 wazuh-db: INFO: (1225): SIGNAL [(1)-(Hangup)] Received. Exit Cleaning...
2025/12/11 10:08:52 wazuh-syscheckd: INFO: (1225): SIGNAL [(15)-(Terminated)] Received. Exit Cleaning...
2025/12/11 10:08:52 wazuh-execd: INFO: (1225): SIGNAL [(15)-(Terminated)] Received. Exit Cleaning...
2025/12/11 10:08:52 :router: INFO: Stopping server thread
2025/12/11 10:08:53 wazuh-db: INFO: Graceful process shutdown.
2025/12/11 10:51:13 wazuh-modulesd:router: INFO: Loaded router module.
2025/12/11 10:51:13 wazuh-modulesd:content_manager: INFO: Loaded content_manager module.
2025/12/11 10:51:13 wazuh-modulesd:inventory-harvester: INFO: Loaded Inventory harvester module.
2025/12/11 10:51:17 wazuh-csyslogd: INFO: Remote syslog server not configured. Clean exit.
2025/12/11 10:51:17 wazuh-dbd: INFO: Database not configured. Clean exit.
2025/12/11 10:51:17 wazuh-integratord: INFO: Remote integrations not configured. Clean exit.
2025/12/11 10:51:17 wazuh-agentlessd: INFO: Not configured. Exiting.
2025/12/11 10:51:17 wazuh-authd: INFO: Started (pid: 439).
2025/12/11 10:51:17 wazuh-authd: INFO: Accepting connections on port 1515. No password required.
2025/12/11 10:51:17 wazuh-authd: INFO: Setting network timeout to 1.000000 sec.
2025/12/11 10:51:17 wazuh-db: INFO: Started (pid: 453).
2025/12/11 10:51:17 :router: INFO: Registering GET endpoint: /v1/agents/ids
2025/12/11 10:51:17 :router: INFO: Registering GET endpoint: /v1/agents/ids/groups/:name
2025/12/11 10:51:17 :router: INFO: Registering GET endpoint: /v1/agents/ids/groups
2025/12/11 10:51:17 :router: INFO: Registering GET endpoint: /v1/agents/:agent_id/groups
2025/12/11 10:51:17 :router: INFO: Registering POST endpoint: /v1/agents/summary
2025/12/11 10:51:17 :router: INFO: Registering GET endpoint: /v1/agents/sync
2025/12/11 10:51:17 :router: INFO: Registering POST endpoint: /v1/agents/sync
2025/12/11 10:51:17 :router: INFO: Registering POST endpoint: /v1/agents/restartinfo
2025/12/11 10:51:17 :router: INFO: API started successfully
2025/12/11 10:51:18 wazuh-execd: INFO: Started (pid: 491).
2025/12/11 10:51:18 wazuh-syscheckd: INFO: Started (pid: 513).
2025/12/11 10:51:18 wazuh-syscheckd: INFO: (6003): Monitoring path: '/bin', with options 'size | permissions | owner | group | mtime | inode | hash_md5 | hash_sha1 | hash_sha256 | scheduled'.
2025/12/11 10:51:18 wazuh-syscheckd: INFO: (6003): Monitoring path: '/boot', with options 'size | permissions | owner | group | mtime | inode | hash_md5 | hash_sha1 | hash_sha256 | scheduled'.
2025/12/11 10:51:18 wazuh-syscheckd: INFO: (6003): Monitoring path: '/etc', with options 'size | permissions | owner | group | mtime | inode | hash_md5 | hash_sha1 | hash_sha256 | scheduled'.
2025/12/11 10:51:18 wazuh-syscheckd: INFO: (6003): Monitoring path: '/sbin', with options 'size | permissions | owner | group | mtime | inode | hash_md5 | hash_sha1 | hash_sha256 | scheduled'.
2025/12/11 10:51:18 wazuh-syscheckd: INFO: (6003): Monitoring path: '/usr/bin', with options 'size | permissions | owner | group | mtime | inode | hash_md5 | hash_sha1 | hash_sha256 | scheduled'.
2025/12/11 10:51:18 wazuh-syscheckd: INFO: (6003): Monitoring path: '/usr/sbin', with options 'size | permissions | owner | group | mtime | inode | hash_md5 | hash_sha1 | hash_sha256 | scheduled'.
2025/12/11 10:51:18 wazuh-syscheckd: INFO: (6206): Ignore 'file' entry '/etc/mtab'
2025/12/11 10:51:18 wazuh-syscheckd: INFO: (6206): Ignore 'file' entry '/etc/hosts.deny'
2025/12/11 10:51:18 wazuh-syscheckd: INFO: (6206): Ignore 'file' entry '/etc/mail/statistics'
2025/12/11 10:51:18 wazuh-syscheckd: INFO: (6206): Ignore 'file' entry '/etc/random-seed'
2025/12/11 10:51:18 wazuh-syscheckd: INFO: (6206): Ignore 'file' entry '/etc/random.seed'
2025/12/11 10:51:18 wazuh-syscheckd: INFO: (6206): Ignore 'file' entry '/etc/adjtime'
2025/12/11 10:51:18 wazuh-syscheckd: INFO: (6206): Ignore 'file' entry '/etc/httpd/logs'
2025/12/11 10:51:18 wazuh-syscheckd: INFO: (6206): Ignore 'file' entry '/etc/utmpx'
2025/12/11 10:51:18 wazuh-syscheckd: INFO: (6206): Ignore 'file' entry '/etc/wtmpx'
2025/12/11 10:51:18 wazuh-syscheckd: INFO: (6206): Ignore 'file' entry '/etc/cups/certs'
2025/12/11 10:51:18 wazuh-syscheckd: INFO: (6206): Ignore 'file' entry '/etc/dumpdates'
2025/12/11 10:51:18 wazuh-syscheckd: INFO: (6206): Ignore 'file' entry '/etc/svc/volatile'
2025/12/11 10:51:18 wazuh-syscheckd: INFO: (6207): Ignore 'file' sregex '.log$|.swp$'
2025/12/11 10:51:18 wazuh-syscheckd: INFO: (6004): No diff for file: '/etc/ssl/private.key'
2025/12/11 10:51:18 rootcheck: INFO: Starting rootcheck scan.
2025/12/11 10:51:18 wazuh-syscheckd: INFO: (6000): Starting daemon...
2025/12/11 10:51:18 wazuh-syscheckd: INFO: (6010): File integrity monitoring scan frequency: 43200 seconds
2025/12/11 10:51:18 wazuh-syscheckd: INFO: (6008): File integrity monitoring scan started.
2025/12/11 10:51:19 wazuh-syscheckd: INFO: (6009): File integrity monitoring scan ended.
2025/12/11 10:51:19 wazuh-syscheckd: INFO: FIM sync module started.
2025/12/11 10:51:19 wazuh-remoted: INFO: Started (pid: 534). Listening on port 1514/TCP (secure).
2025/12/11 10:51:19 wazuh-analysisd: INFO: Total rules enabled: '8452'
2025/12/11 10:51:19 wazuh-analysisd: INFO: Started (pid: 503).
2025/12/11 10:51:20 wazuh-analysisd: INFO: (7200): Logtest started
2025/12/11 10:51:20 wazuh-analysisd: INFO: EPS limit disabled
2025/12/11 10:51:20 wazuh-logcollector: INFO: Monitoring output of command(360): df -P
2025/12/11 10:51:20 wazuh-logcollector: INFO: Monitoring full output of command(360): netstat -tulpn | sed 's/\([[:alnum:]]\+\)\ \+[[:digit:]]\+\ \+[[:digit:]]\+\ \+\(.*\):\([[:digit:]]*\)\ \+\([0-9\.\:\*]\+\).\+\ \([[:digit:]]*\/[[:alnum:]\-]*\).*/\1 \2 == \3 == \4 \5/' | sort -k 4 -g | sed 's/ == \(.*\) ==/:\1/' | sed 1,2d
2025/12/11 10:51:20 wazuh-logcollector: INFO: Monitoring full output of command(360): last -n 20
2025/12/11 10:51:20 wazuh-logcollector: INFO: (1950): Analyzing file: '/var/ossec/logs/active-responses.log'.
2025/12/11 10:51:20 wazuh-monitord: INFO: Started (pid: 722).
2025/12/11 10:51:21 wazuh-logcollector: INFO: Started (pid: 707).
2025/12/11 10:51:21 wazuh-remoted: INFO: (1410): Reading authentication keys file.
2025/12/11 10:51:34 wazuh-syscheckd: INFO: netstat not available. Skipping port check.
2025/12/11 10:51:39 rootcheck: INFO: Ending rootcheck scan.
2025/12/11 12:06:26 wazuh-authd: INFO: Received request for a new agent (srv_bastion_ib) from: 192.168.1.7
2025/12/11 12:06:26 wazuh-authd: WARNING: Duplicate name 'srv_bastion_ib', rejecting enrollment. Agent '008' can't be replaced since it is not disconnected.
2025/12/11 12:06:41 wazuh-authd: INFO: Received request for a new agent (srv_bastion_ib) from: 192.168.1.7
2025/12/11 12:06:41 wazuh-authd: WARNING: Duplicate name 'srv_bastion_ib', rejecting enrollment. Agent '008' can't be replaced since it is not disconnected.
2025/12/11 12:07:26 wazuh-authd: INFO: Received request for a new agent (srv_bastion_ib) from: 192.168.1.7
2025/12/11 12:07:26 wazuh-authd: WARNING: Duplicate name 'srv_bastion_ib', rejecting enrollment. Agent '008' can't be replaced since it is not disconnected.
2025/12/11 12:07:56 wazuh-authd: INFO: Received request for a new agent (srv_bastion_ib) from: 192.168.1.7
2025/12/11 12:07:56 wazuh-authd: WARNING: Duplicate name 'srv_bastion_ib', rejecting enrollment. Agent '008' can't be replaced since it is not disconnected.
2025/12/11 12:09:11 wazuh-authd: INFO: Received request for a new agent (srv_bastion_ib) from: 192.168.1.7
2025/12/11 12:09:11 wazuh-authd: WARNING: Duplicate name 'srv_bastion_ib', rejecting enrollment. Agent '008' can't be replaced since it is not disconnected.
2025/12/11 12:09:55 wazuh-authd: INFO: Received request for a new agent (srv_bastion_ib) from: 192.168.1.7
2025/12/11 12:09:55 wazuh-authd: WARNING: Duplicate name 'srv_bastion_ib', rejecting enrollment. Agent '008' can't be replaced since it is not disconnected.
2025/12/11 12:10:45 wazuh-authd: INFO: Received request for a new agent (srv_bastion_ib) from: 192.168.1.7
2025/12/11 12:10:45 wazuh-authd: WARNING: Duplicate name 'srv_bastion_ib', rejecting enrollment. Agent '008' can't be replaced since it is not disconnected.
2025/12/11 12:13:45 wazuh-authd: INFO: Received request for a new agent (srv_bastion_ib) from: 192.168.1.7
2025/12/11 12:13:45 wazuh-authd: WARNING: Duplicate name 'srv_bastion_ib', rejecting enrollment. Agent '008' can't be replaced since it is not disconnected.
2025/12/11 12:14:05 wazuh-authd: INFO: Received request for a new agent (srv_bastion_ib) from: 192.168.1.7
2025/12/11 12:14:05 wazuh-authd: WARNING: Duplicate name 'srv_bastion_ib', rejecting enrollment. Agent '008' can't be replaced since it is not disconnected.
2025/12/11 12:14:30 wazuh-authd: INFO: Received request for a new agent (srv_bastion_ib) from: 192.168.1.7
2025/12/11 12:14:30 wazuh-authd: WARNING: Duplicate name 'srv_bastion_ib', rejecting enrollment. Agent '008' can't be replaced since it is not disconnected.
2025/12/11 12:15:35 wazuh-authd: INFO: Received request for a new agent (srv_bastion_ib) from: 192.168.1.7
2025/12/11 12:15:35 wazuh-authd: WARNING: Duplicate name 'srv_bastion_ib', rejecting enrollment. Agent '008' can't be replaced since it is not disconnected.
2025/12/11 12:18:44 wazuh-authd: INFO: Received request for a new agent (srv_bastion_ib) from: 192.168.1.7
2025/12/11 12:18:44 wazuh-authd: WARNING: Duplicate name 'srv_bastion_ib', rejecting enrollment. Agent '008' can't be replaced since it is not disconnected.
2025/12/11 12:19:44 wazuh-authd: INFO: Received request for a new agent (srv_bastion_ib) from: 192.168.1.7
2025/12/11 12:19:44 wazuh-authd: WARNING: Duplicate name 'srv_bastion_ib', rejecting enrollment. Agent '008' can't be replaced since it is not disconnected.
2025/12/11 12:20:44 wazuh-authd: INFO: Received request for a new agent (srv_bastion_ib) from: 192.168.1.7
2025/12/11 12:20:44 wazuh-authd: WARNING: Duplicate name 'srv_bastion_ib', rejecting enrollment. Agent '008' can't be replaced since it is not disconnected.
2025/12/11 12:22:11 wazuh-authd: INFO: Received request for a new agent (srv_bastion_ib) from: 192.168.1.7
2025/12/11 12:22:11 wazuh-authd: INFO: Duplicate name. Removing old agent 'srv_bastion_ib' (id '008').
2025/12/11 12:22:11 wazuh-authd: INFO: Agent key generated for 'srv_bastion_ib' (requested by any)
2025/12/11 12:22:18 wazuh-remoted: INFO: (1409): Authentication file changed. Updating.
2025/12/11 12:22:18 wazuh-remoted: INFO: (1410): Reading authentication keys file.
2025/12/12 09:00:57 wazuh-syscheckd: INFO: (6008): File integrity monitoring scan started.
2025/12/12 09:00:57 rootcheck: INFO: Starting rootcheck scan.
2025/12/12 09:01:01 wazuh-db: INFO: Created Global database backup "backup/db/global.db-backup-2025-12-12-09:00:57.gz"
2025/12/12 09:01:01 wazuh-db: INFO: Deleted Global database backup: "backup/db/global.db-backup-2025-12-08-18:14:40.gz"
2025/12/12 09:01:07 wazuh-syscheckd: INFO: (6009): File integrity monitoring scan ended.
2025/12/12 09:01:08 wazuh-monitord: INFO: Running daily rotation of log files.
