[325875.646] 
X.Org X Server 1.21.1.11
X Protocol Version 11, Revision 0
[325875.647] Current Operating System: Linux pc_vpupkin 6.6.87.2-microsoft-standard-WSL2 #1 SMP PREEMPT_DYNAMIC Thu Jun  5 18:30:46 UTC 2025 x86_64
[325875.647] Kernel command line: initrd=\initrd.img WSL_ROOT_INIT=1 panic=-1 nr_cpus=12 hv_utils.timesync_implicit=1 console=hvc0 debug pty.legacy_count=0 WSL_ENABLE_CRASH_DUMP=1
[325875.648] xorg-server 2:21.1.12-1ubuntu1.5 (For technical support please see http://www.ubuntu.com/support) 
[325875.648] Current version of pixman: 0.42.2
[325875.648] 	Before reporting problems, check http://wiki.x.org
	to make sure that you have the latest version.
[325875.648] Markers: (--) probed, (**) from config file, (==) default setting,
	(++) from command line, (!!) notice, (II) informational,
	(WW) warning, (EE) error, (NI) not implemented, (??) unknown.
[325875.650] (++) Log file: ".xorgxrdp.10.log", Time: Tue Dec 16 07:33:21 2025
[325875.651] (++) Using config file: "/etc/X11/xrdp/xorg.conf"
[325875.651] (==) Using system config directory "/usr/share/X11/xorg.conf.d"
[325875.651] (**) Option "defaultserverlayout" "X11 Server"
[325875.652] (**) ServerLayout "X11 Server"
[325875.652] (**) |-->Screen "Screen (xrdpdev)" (0)
[325875.652] (**) |   |-->Monitor "Monitor"
[325875.653] (**) |   |-->Device "Video Card (xrdpdev)"
[325875.653] (**) |-->Input Device "xrdpMouse"
[325875.653] (**) |-->Input Device "xrdpKeyboard"
[325875.653] (**) Option "DontVTSwitch" "on"
[325875.654] (**) Option "AutoAddDevices" "off"
[325875.654] (**) Allowing byte-swapped clients
[325875.654] (**) Not automatically adding devices
[325875.654] (==) Automatically enabling devices
[325875.655] (==) Automatically adding GPU devices
[325875.655] (==) Automatically binding GPU devices
[325875.655] (==) Max clients allowed: 256, resource mask: 0x1fffff
[325875.655] (WW) The directory "/usr/share/fonts/X11/misc" does not exist.
[325875.656] 	Entry deleted from font path.
[325875.656] (WW) The directory "/usr/share/fonts/X11/cyrillic" does not exist.
[325875.656] 	Entry deleted from font path.
[325875.656] (WW) The directory "/usr/share/fonts/X11/100dpi/" does not exist.
[325875.657] 	Entry deleted from font path.
[325875.657] (WW) The directory "/usr/share/fonts/X11/75dpi/" does not exist.
[325875.657] 	Entry deleted from font path.
[325875.657] (WW) The directory "/usr/share/fonts/X11/Type1" does not exist.
[325875.657] 	Entry deleted from font path.
[325875.658] (WW) The directory "/usr/share/fonts/X11/100dpi" does not exist.
[325875.658] 	Entry deleted from font path.
[325875.658] (WW) The directory "/usr/share/fonts/X11/75dpi" does not exist.
[325875.658] 	Entry deleted from font path.
[325875.658] (==) FontPath set to:
	built-ins
[325875.659] (==) ModulePath set to "/usr/lib/xorg/modules"
[325875.659] (II) Loader magic: 0x59d5b475a020
[325875.659] (II) Module ABI versions:
[325875.659] 	X.Org ANSI C Emulation: 0.4
[325875.659] 	X.Org Video Driver: 25.2
[325875.660] 	X.Org XInput driver : 24.4
[325875.660] 	X.Org Server Extension : 10.0
[325875.660] (EE) dbus-core: error connecting to system bus: org.freedesktop.DBus.Error.FileNotFound (Failed to connect to socket /run/dbus/system_bus_socket: No such file or directory)
[325875.663] (--) PCI: (0@28600:0:0) 1414:008e:0000:0000 rev 0
[325875.663] (--) PCI: (0@55589:0:0) 1414:008e:0000:0000 rev 0
[325875.663] (II) no primary bus or device found
[325875.664] (II) "glx" will be loaded. This was enabled by default and also specified in the config file.
[325875.664] (II) LoadModule: "dbe"
[325875.664] (II) Module "dbe" already built-in
[325875.664] (II) LoadModule: "ddc"
[325875.665] (II) Module "ddc" already built-in
[325875.665] (II) LoadModule: "extmod"
[325875.665] (II) Module "extmod" already built-in
[325875.665] (II) LoadModule: "glx"
[325875.666] (II) Loading /usr/lib/xorg/modules/extensions/libglx.so
[325875.667] (II) Module glx: vendor="X.Org Foundation"
[325875.668] 	compiled for 1.21.1.11, module version = 1.0.0
[325875.668] 	ABI class: X.Org Server Extension, version 10.0
[325875.668] (II) LoadModule: "int10"
[325875.669] (II) Loading /usr/lib/xorg/modules/libint10.so
[325875.669] (II) Module int10: vendor="X.Org Foundation"
[325875.669] 	compiled for 1.21.1.11, module version = 1.0.0
[325875.670] 	ABI class: X.Org Video Driver, version 25.2
[325875.670] (II) LoadModule: "record"
[325875.670] (II) Module "record" already built-in
[325875.671] (II) LoadModule: "vbe"
[325875.671] (II) Loading /usr/lib/xorg/modules/libint10.so
[325875.671] (II) Module int10: vendor="X.Org Foundation"
[325875.671] 	compiled for 1.21.1.11, module version = 1.0.0
[325875.672] 	ABI class: X.Org Video Driver, version 25.2
[325875.672] (II) LoadModule: "glamoregl"
[325875.673] (II) Loading /usr/lib/xorg/modules/libglamoregl.so
[325875.675] (II) Module glamoregl: vendor="X.Org Foundation"
[325875.675] 	compiled for 1.21.1.11, module version = 1.0.1
[325875.676] 	ABI class: X.Org ANSI C Emulation, version 0.4
[325875.676] (II) LoadModule: "xorgxrdp"
[325875.676] (II) Loading /usr/lib/xorg/modules/libxorgxrdp.so
[325875.677] (II) Module XORGXRDP: vendor="X.Org Foundation"
[325875.677] 	compiled for 1.21.1.5, module version = 0.9.19
[325875.677] 	ABI class: X.Org Video Driver, version 25.2
[325875.678] xorgxrdpSetup:
[325875.678] (II) LoadModule: "fb"
[325875.678] (II) Module "fb" already built-in
[325875.678] (II) LoadModule: "xrdpdev"
[325875.679] (II) Loading /usr/lib/xorg/modules/drivers/xrdpdev_drv.so
[325875.679] (II) Module XRDPDEV: vendor="X.Org Foundation"
[325875.679] 	compiled for 1.21.1.5, module version = 0.9.19
[325875.680] 	ABI class: X.Org Video Driver, version 25.2
[325875.680] xrdpdevSetup:
[325875.680] (II) LoadModule: "xrdpmouse"
[325875.681] (II) Loading /usr/lib/xorg/modules/input/xrdpmouse_drv.so
[325875.681] (II) Module XRDPMOUSE: vendor="X.Org Foundation"
[325875.681] 	compiled for 1.21.1.5, module version = 0.9.19
[325875.682] 	Module class: X.Org XInput Driver
[325875.682] 	ABI class: X.Org XInput driver, version 24.4
[325875.682] rdpmousePlug:
[325875.682] (II) LoadModule: "xrdpkeyb"
[325875.683] (II) Loading /usr/lib/xorg/modules/input/xrdpkeyb_drv.so
[325875.683] (II) Module XRDPKEYB: vendor="X.Org Foundation"
[325875.683] 	compiled for 1.21.1.5, module version = 0.9.19
[325875.684] 	Module class: X.Org XInput Driver
[325875.684] 	ABI class: X.Org XInput driver, version 24.4
[325875.684] rdpkeybPlug:
[325875.684] rdpIdentify:
[325875.685] (II) XRDPDEV: driver for xrdp: XRDPDEV
[325875.686] rdpDriverFunc: op 10
[325875.686] (WW) Falling back to old probe method for XRDPDEV
[325875.686] rdpProbe:
[325875.687] (II) Loading sub module "fb"
[325875.687] (II) LoadModule: "fb"
[325875.687] (II) Module "fb" already built-in
[325875.687] rdpProbe: found DRMDevice xorg.conf value [/dev/dri/renderD128]
[325875.688] rdpProbe: found DRI3 xorg.conf value [1]
[325875.688] (II) XRDPDEV(0): using default device
[325875.688] (WW) VGA arbiter: cannot open kernel arbiter, no multi-card support
[325875.689] rdpPreInit:
[325875.689] rdpPreInit: /dev/dri/renderD128 open failed
[325875.690] (**) XRDPDEV(0): Depth 24, (--) framebuffer bpp 32
[325875.690] (==) XRDPDEV(0): RGB weight 888
[325875.690] (==) XRDPDEV(0): Using gamma correction (1.0, 1.0, 1.0)
[325875.690] (==) XRDPDEV(0): Default visual is TrueColor
[325875.690] (==) XRDPDEV(0): DPI set to (96, 96)
[325875.691] (II) XRDPDEV(0): 	mode "640x480" ok
[325875.691] (II) XRDPDEV(0): 	mode "800x600" ok
[325875.691] (II) XRDPDEV(0): Virtual size is 800x600 (pitch 800)
[325875.691] (**) XRDPDEV(0):  Default mode "800x600": 36.0 MHz (scaled from 0.0 MHz), 35.2 kHz, 56.2 Hz
[325875.692] (II) XRDPDEV(0): Modeline "800x600"x0.0   36.00  800 824 896 1024  600 601 603 625 +hsync +vsync (35.2 kHz d)
[325875.692] rdpScreenInit: virtualX 800 virtualY 600 rgbBits 8 depth 24
[325875.692] rdpScreenInit: pfbMemory bytes 1920000
[325875.693] rdpScreenInit: pfbMemory 0x7baa39bc0010
[325875.693] rdpSimdInit: assigning yuv functions
[325875.693] rdpSimdInit: cpuid ax 1 cx 0 return ax 0x000a0655 bx 0x0a100800 cx 0xfefab223 dx 0x1f8bfbff
[325875.693] rdpSimdInit: sse2 amd64 yuv functions assigned
[325875.694] (==) XRDPDEV(0): Backing store enabled
[325875.694] rdpClientConInit: disconnect idle session after [0] sec
[325875.695] rdpClientConInit: kill disconnected [0] timeout [0] sec
[325875.695] rdpClientConInit: do_touchpad_scroll_hack [0]
[325875.695] rdpXvInit: depth 24
[325875.696] rdpScreenInit: out
[325875.696] (II) Initializing extension Generic Event Extension
[325875.696] (II) Initializing extension SHAPE
[325875.696] (II) Initializing extension MIT-SHM
[325875.697] (II) Initializing extension XInputExtension
[325875.697] (II) Initializing extension XTEST
[325875.697] (II) Initializing extension BIG-REQUESTS
[325875.698] (II) Initializing extension SYNC
[325875.698] (II) Initializing extension XKEYBOARD
[325875.698] (II) Initializing extension XC-MISC
[325875.698] (II) Initializing extension SECURITY
[325875.699] (II) Initializing extension XFIXES
[325875.699] (II) Initializing extension RENDER
[325875.699] (II) Initializing extension RANDR
[325875.700] (II) Initializing extension COMPOSITE
[325875.700] (II) Initializing extension DAMAGE
[325875.700] (II) Initializing extension MIT-SCREEN-SAVER
[325875.700] (II) Initializing extension DOUBLE-BUFFER
[325875.701] (II) Initializing extension RECORD
[325875.701] (II) Initializing extension DPMS
[325875.701] (II) Initializing extension Present
[325875.701] (II) Initializing extension DRI3
[325875.702] (II) Initializing extension X-Resource
[325875.702] (II) Initializing extension XVideo
[325875.702] (II) Initializing extension XVideo-MotionCompensation
[325875.703] (II) Initializing extension SELinux
[325875.703] (II) SELinux: Disabled on system
[325875.703] (II) Initializing extension GLX
[325875.703] (II) AIGLX: Screen 0 is not DRI2 capable
[325875.730] (II) IGLX: Loaded and initialized swrast
[325875.730] (II) GLX: Initialized DRISWRAST GL provider for screen 0
[325875.730] (II) Initializing extension XFree86-VidModeExtension
[325875.731] (II) Initializing extension XFree86-DGA
[325875.731] (II) Initializing extension XFree86-DRI
[325875.731] (II) Initializing extension DRI2
[325875.732] rdpCreateScreenResources:
[325875.745] (II) Using input driver 'XRDPMOUSE' for 'xrdpMouse'
[325875.745] (**) Option "CorePointer"
[325875.746] (**) xrdpMouse: always reports core events
[325875.746] rdpmousePreInit: drv 0x59d5bbf92890 info 0x59d5bc204850, flags 0x0
[325875.746] (II) XINPUT: Adding extended input device "xrdpMouse" (type: Mouse, id 6)
[325875.747] rdpmouseControl: what 0
[325875.747] rdpmouseDeviceInit:
[325875.747] rdpmouseCtrl:
[325875.748] rdpRegisterInputCallback: type 1 proc 0x7baa3a2543a0
[325875.748] (**) xrdpMouse: (accel) keeping acceleration scheme 1
[325875.748] (**) xrdpMouse: (accel) acceleration profile 0
[325875.749] (**) xrdpMouse: (accel) acceleration factor: 2.000
[325875.749] (**) xrdpMouse: (accel) acceleration threshold: 4
[325875.749] rdpmouseControl: what 1
[325875.749] rdpmouseDeviceOn:
[325875.750] (II) Using input driver 'XRDPKEYB' for 'xrdpKeyboard'
[325875.750] (**) Option "CoreKeyboard"
[325875.750] (**) xrdpKeyboard: always reports core events
[325875.750] rdpkeybPreInit: drv 0x59d5bbf940a0 info 0x59d5bc207960, flags 0x0
[325875.751] (II) XINPUT: Adding extended input device "xrdpKeyboard" (type: Keyboard, id 7)
[325875.751] rdpkeybControl: what 0
[325875.751] rdpkeybDeviceInit:
[325875.761] rdpkeybChangeKeyboardControl:
[325875.761] rdpkeybChangeKeyboardControl: autoRepeat on
[325875.762] rdpRegisterInputCallback: type 0 proc 0x7baa39d96d60
[325875.762] rdpkeybControl: what 1
[325875.762] rdpkeybDeviceOn:
[325875.763] rdpkeybChangeKeyboardControl:
[325875.763] rdpkeybChangeKeyboardControl: autoRepeat on
[325875.776] (EE) dbus-core: error connecting to system bus: org.freedesktop.DBus.Error.FileNotFound (Failed to connect to socket /run/dbus/system_bus_socket: No such file or directory)
[325875.776] rdpDeferredRandR:
[325875.777] rdpResizeSession: width 1024 height 768
[325875.777]   calling RRScreenSizeSet
[325875.777] rdpRRScreenSetSize: width 1024 height 768 mmWidth 271 mmHeight 203
[325875.778] rdpRRGetInfo:
[325875.778]   screen resized to 1024x768
[325875.779]   RRScreenSizeSet ok 1
[325875.780] rdpResizeSession: width 1280 height 720
[325875.780]   calling RRScreenSizeSet
[325875.780] rdpRRScreenSetSize: width 1280 height 720 mmWidth 339 mmHeight 191
[325875.781] rdpRRGetInfo:
[325875.781]   screen resized to 1280x720
[325875.783]   RRScreenSizeSet ok 1
[325875.783] rdpClientConGotConnection:
[325875.783] rdpClientConGotConnection: g_sck_accept ok new_sck 9
[325875.784] rdpClientConGetConnection: idle_disconnect_timeout set to non-positive value, idle timer turned off
[325875.784] rdpAddClientConToDev: adding first clientCon 0x59d5bc237370
[325875.784] rdpClientConProcessMsgVersion: version 0 0 0 1
[325875.785] rdpClientConProcessScreenSizeMsg: set width 1280 height 720 bpp 16
[325875.785] rdpClientConAllocateSharedMemory: shmemid 0 shmemptr 0x7baa39bd3000 bytes 1843200
[325875.786] rdpClientConProcessMsgClientInput: invalidate x 0 y 0 cx 1280 cy 720
[325875.786] KbdSync: toggling num lock
[325875.786] KbdSync: toggling scroll lock
[325875.787] rdpkeybChangeKeyboardControl:
[325875.787] rdpkeybChangeKeyboardControl: autoRepeat on
[325875.863] rdpInDeferredRepeatCallback:
[325875.864] rdpkeybChangeKeyboardControl:
[325875.865] rdpkeybChangeKeyboardControl: autoRepeat off
[325875.865] rdpInDeferredRepeatCallback:
[325875.866] rdpkeybChangeKeyboardControl:
[325875.866] rdpkeybChangeKeyboardControl: autoRepeat off
[325875.888] rdpInDeferredRepeatCallback:
[325875.889] rdpkeybChangeKeyboardControl:
[325875.889] rdpkeybChangeKeyboardControl: autoRepeat off
[325875.916] (EE) Failed to open authorization file ".Xauthority": No such file or directory
[325875.950] rdpClientConProcessMsgClientInfo:
[325875.951]   got client info bytes 7072
[325875.951]   jpeg support 0
[325875.952]   offscreen support 1
[325875.952]   offscreen size 5242880
[325875.952]   offscreen entries 100
[325875.953]   client can not do offscreen to offscreen blits
[325875.953]   client can do new(color) cursor
[325875.954]   client can not do multimon
[325875.954] rdpRRSetRdpOutputs: numCrtcs 0 numOutputs 0 monitorCount 0
[325875.954] rdpRRSetRdpOutputs: add output 0 left 0 top 0 width 1280 height 720
[325875.955] rdpLoadLayout: keylayout 0x00000409 variant  display 10
[325875.955] rdpkeybChangeKeyboardControl:
[325875.956] rdpkeybChangeKeyboardControl: autoRepeat on
[325875.956] rdpkeybChangeKeyboardControl:
[325875.957] rdpkeybChangeKeyboardControl: autoRepeat on
[325876.056] rdpInDeferredRepeatCallback:
[325876.056] rdpkeybChangeKeyboardControl:
[325876.057] rdpkeybChangeKeyboardControl: autoRepeat off
[325876.057] rdpInDeferredRepeatCallback:
[325876.057] rdpkeybChangeKeyboardControl:
[325876.058] rdpkeybChangeKeyboardControl: autoRepeat off
[325876.397] rdpRRGetInfo:
[325876.425] rdpkeybChangeKeyboardControl:
[325876.425] rdpkeybChangeKeyboardControl: autoRepeat on
[325876.426] rdpkeybChangeKeyboardControl:
[325876.426] rdpkeybChangeKeyboardControl: autoRepeat on
[325876.427] rdpkeybChangeKeyboardControl:
[325876.428] rdpkeybChangeKeyboardControl: autoRepeat on
[325876.428] rdpkeybChangeKeyboardControl:
[325876.429] rdpkeybChangeKeyboardControl: autoRepeat on
[325876.430] rdpkeybChangeKeyboardControl:
[325876.430] rdpkeybChangeKeyboardControl: autoRepeat on
[325876.430] rdpkeybChangeKeyboardControl:
[325876.431] rdpkeybChangeKeyboardControl: autoRepeat on
[325876.441] rdpkeybChangeKeyboardControl:
[325876.441] rdpkeybChangeKeyboardControl: autoRepeat on
[325876.442] rdpkeybChangeKeyboardControl:
[325876.442] rdpkeybChangeKeyboardControl: autoRepeat on
[325876.526] rdpInDeferredRepeatCallback:
[325876.527] rdpkeybChangeKeyboardControl:
[325876.527] rdpkeybChangeKeyboardControl: autoRepeat off
[325876.528] rdpInDeferredRepeatCallback:
[325876.528] rdpkeybChangeKeyboardControl:
[325876.528] rdpkeybChangeKeyboardControl: autoRepeat off
[325876.529] rdpInDeferredRepeatCallback:
[325876.529] rdpkeybChangeKeyboardControl:
[325876.529] rdpkeybChangeKeyboardControl: autoRepeat off
[325876.530] rdpInDeferredRepeatCallback:
[325876.530] rdpkeybChangeKeyboardControl:
[325876.531] rdpkeybChangeKeyboardControl: autoRepeat off
[325876.531] rdpInDeferredRepeatCallback:
[325876.531] rdpkeybChangeKeyboardControl:
[325876.532] rdpkeybChangeKeyboardControl: autoRepeat off
[325876.533] rdpInDeferredRepeatCallback:
[325876.533] rdpkeybChangeKeyboardControl:
[325876.533] rdpkeybChangeKeyboardControl: autoRepeat off
[325876.542] rdpInDeferredRepeatCallback:
[325876.542] rdpkeybChangeKeyboardControl:
[325876.542] rdpkeybChangeKeyboardControl: autoRepeat off
[325876.543] rdpInDeferredRepeatCallback:
[325876.543] rdpkeybChangeKeyboardControl:
[325876.543] rdpkeybChangeKeyboardControl: autoRepeat off
[325885.776] (EE) dbus-core: error connecting to system bus: org.freedesktop.DBus.Error.FileNotFound (Failed to connect to socket /run/dbus/system_bus_socket: No such file or directory)
[325895.779] (EE) dbus-core: error connecting to system bus: org.freedesktop.DBus.Error.FileNotFound (Failed to connect to socket /run/dbus/system_bus_socket: No such file or directory)
[325905.781] (EE) dbus-core: error connecting to system bus: org.freedesktop.DBus.Error.FileNotFound (Failed to connect to socket /run/dbus/system_bus_socket: No such file or directory)
[325915.783] (EE) dbus-core: error connecting to system bus: org.freedesktop.DBus.Error.FileNotFound (Failed to connect to socket /run/dbus/system_bus_socket: No such file or directory)
[325925.785] (EE) dbus-core: error connecting to system bus: org.freedesktop.DBus.Error.FileNotFound (Failed to connect to socket /run/dbus/system_bus_socket: No such file or directory)
[325935.785] (EE) dbus-core: error connecting to system bus: org.freedesktop.DBus.Error.FileNotFound (Failed to connect to socket /run/dbus/system_bus_socket: No such file or directory)
[325942.042] KbdSync: toggling scroll lock
[325942.048] KbdSync: toggling scroll lock
[325942.160] KbdSync: toggling scroll lock
[325945.785] (EE) dbus-core: error connecting to system bus: org.freedesktop.DBus.Error.FileNotFound (Failed to connect to socket /run/dbus/system_bus_socket: No such file or directory)
[325955.788] (EE) dbus-core: error connecting to system bus: org.freedesktop.DBus.Error.FileNotFound (Failed to connect to socket /run/dbus/system_bus_socket: No such file or directory)
[325965.793] (EE) dbus-core: error connecting to system bus: org.freedesktop.DBus.Error.FileNotFound (Failed to connect to socket /run/dbus/system_bus_socket: No such file or directory)
