** Alert 1765356088.0: - sca,gdpr_IV_35.7.d,pci_dss_2.2,nist_800_53_CM.1,tsc_CC7.1,tsc_CC7.2,
2025 Dec 10 08:41:28 (srv_mgmt) any->sca
Rule: 19010 (level 3) -> 'CIS Ubuntu Linux 24.04 LTS Benchmark v1.0.0.: Ensure password expiration warning days is configured.: Status changed from failed to passed'
{"type":"check","id":2112343308,"policy":"CIS Ubuntu Linux 24.04 LTS Benchmark v1.0.0.","policy_id":"cis_ubuntu24-04","check":{"id":35696,"title":"Ensure password expiration warning days is configured.","description":"The PASS_WARN_AGE parameter in /etc/login.defs allows an administrator to notify users that their password will expire in a defined number of days. PASS_WARN_AGE <N> - The number of days warning given before a password expires. A zero means warning is given only upon the day of expiration, a negative value means no warning is given. If not specified, no warning will be provided.","rationale":"Providing an advance warning that a password will be expiring gives users time to think of a secure password. Users caught unaware may choose a simple password or write it down where it may be discovered.","remediation":"Edit /etc/login.defs and set PASS_WARN_AGE to a value of 7 or more that follows local site policy: Example: PASS_WARN_AGE 7 Run the following command to modify user parameters for all users with a password set to a minimum warning to 7 or more days that follows local site policy: # chage --warndays <N> <user> Example: # awk -F: '($2~/^\\$.+\\$/) {if($6 < 7)system (\"chage --warndays 7 \" $1)}' /etc/shadow.","compliance":{"cis":"5.4.1.3","cis_csc_v8":"4.1","cis_csc_v7":"4.4","cmmc_v2.0":"AC.L1-3.1.1,AC.L1-3.1.2,CM.L2-3.4.1,CM.L2-3.4.2,CM.L2-3.4.6,CM.L2-3.4.7","iso_27001-2013":"A.9.4.3","mitre_mitigations":"M1027","mitre_tactics":"TA0006","mitre_techniques":"T1078","nist_sp_800-53":"CM-7(1),CM-9,SA-10","pci_dss_v3.2.1":"11.5,2.2","pci_dss_v4.0":"1.1.1,1.2.1,1.2.6,1.2.7,1.5.1,2.1.1,2.2.1","soc_2":"CC7.1,CC8.1"},"rules":["f:/etc/login.defs -> n:^PASS_WARN_AGE\\s*\\t*(\\p*\\d+) compare >= 7","f:/etc/shadow -> n:\\.*:\\$\\.*:\\.*:\\.*:\\.*:(\\p*\\d+):\\.*:\\.*: compare >= 7"],"condition":"all","file":"/etc/login.defs,/etc/shadow","result":"passed"}}
sca.type: check
sca.scan_id: 2112343308
sca.policy: CIS Ubuntu Linux 24.04 LTS Benchmark v1.0.0.
sca.check.id: 35696
sca.check.title: Ensure password expiration warning days is configured.
sca.check.description: The PASS_WARN_AGE parameter in /etc/login.defs allows an administrator to notify users that their password will expire in a defined number of days. PASS_WARN_AGE <N> - The number of days warning given before a password expires. A zero means warning is given only upon the day of expiration, a negative value means no warning is given. If not specified, no warning will be provided.
sca.check.rationale: Providing an advance warning that a password will be expiring gives users time to think of a secure password. Users caught unaware may choose a simple password or write it down where it may be discovered.
sca.check.remediation: Edit /etc/login.defs and set PASS_WARN_AGE to a value of 7 or more that follows local site policy: Example: PASS_WARN_AGE 7 Run the following command to modify user parameters for all users with a password set to a minimum warning to 7 or more days that follows local site policy: # chage --warndays <N> <user> Example: # awk -F: '($2~/^\$.+\$/) {if($6 < 7)system ("chage --warndays 7 " $1)}' /etc/shadow.
sca.check.compliance.cis: 5.4.1.3
sca.check.compliance.cis_csc_v8: 4.1
sca.check.compliance.cis_csc_v7: 4.4
sca.check.compliance.cmmc_v2.0: AC.L1-3.1.1,AC.L1-3.1.2,CM.L2-3.4.1,CM.L2-3.4.2,CM.L2-3.4.6,CM.L2-3.4.7
sca.check.compliance.iso_27001-2013: A.9.4.3
sca.check.compliance.mitre_mitigations: M1027
sca.check.compliance.mitre_tactics: TA0006
sca.check.compliance.mitre_techniques: T1078
sca.check.compliance.nist_sp_800-53: CM-7(1),CM-9,SA-10
sca.check.compliance.pci_dss_v3.2.1: 11.5,2.2
sca.check.compliance.pci_dss_v4.0: 1.1.1,1.2.1,1.2.6,1.2.7,1.5.1,2.1.1,2.2.1
sca.check.compliance.soc_2: CC7.1,CC8.1
sca.check.file: ["/etc/login.defs", "/etc/shadow"]
sca.check.result: passed
sca.check.previous_result: failed

** Alert 1765356091.4166: - sca,gdpr_IV_35.7.d,pci_dss_2.2,nist_800_53_CM.1,tsc_CC7.1,tsc_CC7.2,
2025 Dec 10 08:41:31 (srv_mgmt) any->sca
Rule: 19004 (level 7) -> 'SCA summary: CIS Ubuntu Linux 24.04 LTS Benchmark v1.0.0.: Score less than 50% (42)'
{"type":"summary","scan_id":2112343308,"name":"CIS Ubuntu Linux 24.04 LTS Benchmark v1.0.0.","policy_id":"cis_ubuntu24-04","file":"cis_ubuntu24-04.yml","description":"This document provides prescriptive guidance for establishing a secure configuration posture for Ubuntu Linux 24.04 LTS based on CIS benchmark for Ubuntu Linux 24.04 LTS.","references":"https://www.cisecurity.org/cis-benchmarks/","passed":90,"failed":122,"invalid":67,"total_checks":279,"score":42.452831268310547,"start_time":1765356078,"end_time":1765356088,"hash":"07bff67779b8ad2ca4be90fcb80240ec6b6eb2c143b834160705e26529f71019","hash_file":"b873eeef9a2aca9cb9c52214f5f161c23fae0f484f7525f6eb289357b8bfdf81"}
sca.type: summary
sca.scan_id: 2112343308
sca.policy: CIS Ubuntu Linux 24.04 LTS Benchmark v1.0.0.
sca.description: This document provides prescriptive guidance for establishing a secure configuration posture for Ubuntu Linux 24.04 LTS based on CIS benchmark for Ubuntu Linux 24.04 LTS.
sca.policy_id: cis_ubuntu24-04
sca.passed: 90
sca.failed: 122
sca.invalid: 67
sca.total_checks: 279
sca.score: 42
sca.file: cis_ubuntu24-04.yml

** Alert 1765356146.5528: - sca,gdpr_IV_35.7.d,pci_dss_2.2,nist_800_53_CM.1,tsc_CC7.1,tsc_CC7.2,
2025 Dec 10 08:42:26 (srv_dev) any->sca
Rule: 19010 (level 3) -> 'CIS Ubuntu Linux 24.04 LTS Benchmark v1.0.0.: Ensure password expiration warning days is configured.: Status changed from failed to passed'
{"type":"check","id":364236078,"policy":"CIS Ubuntu Linux 24.04 LTS Benchmark v1.0.0.","policy_id":"cis_ubuntu24-04","check":{"id":35696,"title":"Ensure password expiration warning days is configured.","description":"The PASS_WARN_AGE parameter in /etc/login.defs allows an administrator to notify users that their password will expire in a defined number of days. PASS_WARN_AGE <N> - The number of days warning given before a password expires. A zero means warning is given only upon the day of expiration, a negative value means no warning is given. If not specified, no warning will be provided.","rationale":"Providing an advance warning that a password will be expiring gives users time to think of a secure password. Users caught unaware may choose a simple password or write it down where it may be discovered.","remediation":"Edit /etc/login.defs and set PASS_WARN_AGE to a value of 7 or more that follows local site policy: Example: PASS_WARN_AGE 7 Run the following command to modify user parameters for all users with a password set to a minimum warning to 7 or more days that follows local site policy: # chage --warndays <N> <user> Example: # awk -F: '($2~/^\\$.+\\$/) {if($6 < 7)system (\"chage --warndays 7 \" $1)}' /etc/shadow.","compliance":{"cis":"5.4.1.3","cis_csc_v8":"4.1","cis_csc_v7":"4.4","cmmc_v2.0":"AC.L1-3.1.1,AC.L1-3.1.2,CM.L2-3.4.1,CM.L2-3.4.2,CM.L2-3.4.6,CM.L2-3.4.7","iso_27001-2013":"A.9.4.3","mitre_mitigations":"M1027","mitre_tactics":"TA0006","mitre_techniques":"T1078","nist_sp_800-53":"CM-7(1),CM-9,SA-10","pci_dss_v3.2.1":"11.5,2.2","pci_dss_v4.0":"1.1.1,1.2.1,1.2.6,1.2.7,1.5.1,2.1.1,2.2.1","soc_2":"CC7.1,CC8.1"},"rules":["f:/etc/login.defs -> n:^PASS_WARN_AGE\\s*\\t*(\\p*\\d+) compare >= 7","f:/etc/shadow -> n:\\.*:\\$\\.*:\\.*:\\.*:\\.*:(\\p*\\d+):\\.*:\\.*: compare >= 7"],"condition":"all","file":"/etc/login.defs,/etc/shadow","result":"passed"}}
sca.type: check
sca.scan_id: 364236078
sca.policy: CIS Ubuntu Linux 24.04 LTS Benchmark v1.0.0.
sca.check.id: 35696
sca.check.title: Ensure password expiration warning days is configured.
sca.check.description: The PASS_WARN_AGE parameter in /etc/login.defs allows an administrator to notify users that their password will expire in a defined number of days. PASS_WARN_AGE <N> - The number of days warning given before a password expires. A zero means warning is given only upon the day of expiration, a negative value means no warning is given. If not specified, no warning will be provided.
sca.check.rationale: Providing an advance warning that a password will be expiring gives users time to think of a secure password. Users caught unaware may choose a simple password or write it down where it may be discovered.
sca.check.remediation: Edit /etc/login.defs and set PASS_WARN_AGE to a value of 7 or more that follows local site policy: Example: PASS_WARN_AGE 7 Run the following command to modify user parameters for all users with a password set to a minimum warning to 7 or more days that follows local site policy: # chage --warndays <N> <user> Example: # awk -F: '($2~/^\$.+\$/) {if($6 < 7)system ("chage --warndays 7 " $1)}' /etc/shadow.
sca.check.compliance.cis: 5.4.1.3
sca.check.compliance.cis_csc_v8: 4.1
sca.check.compliance.cis_csc_v7: 4.4
sca.check.compliance.cmmc_v2.0: AC.L1-3.1.1,AC.L1-3.1.2,CM.L2-3.4.1,CM.L2-3.4.2,CM.L2-3.4.6,CM.L2-3.4.7
sca.check.compliance.iso_27001-2013: A.9.4.3
sca.check.compliance.mitre_mitigations: M1027
sca.check.compliance.mitre_tactics: TA0006
sca.check.compliance.mitre_techniques: T1078
sca.check.compliance.nist_sp_800-53: CM-7(1),CM-9,SA-10
sca.check.compliance.pci_dss_v3.2.1: 11.5,2.2
sca.check.compliance.pci_dss_v4.0: 1.1.1,1.2.1,1.2.6,1.2.7,1.5.1,2.1.1,2.2.1
sca.check.compliance.soc_2: CC7.1,CC8.1
sca.check.file: ["/etc/login.defs", "/etc/shadow"]
sca.check.result: passed
sca.check.previous_result: failed

** Alert 1765356149.9694: - sca,gdpr_IV_35.7.d,pci_dss_2.2,nist_800_53_CM.1,tsc_CC7.1,tsc_CC7.2,
2025 Dec 10 08:42:29 (srv_dev) any->sca
Rule: 19004 (level 7) -> 'SCA summary: CIS Ubuntu Linux 24.04 LTS Benchmark v1.0.0.: Score less than 50% (42)'
{"type":"summary","scan_id":364236078,"name":"CIS Ubuntu Linux 24.04 LTS Benchmark v1.0.0.","policy_id":"cis_ubuntu24-04","file":"cis_ubuntu24-04.yml","description":"This document provides prescriptive guidance for establishing a secure configuration posture for Ubuntu Linux 24.04 LTS based on CIS benchmark for Ubuntu Linux 24.04 LTS.","references":"https://www.cisecurity.org/cis-benchmarks/","passed":90,"failed":122,"invalid":67,"total_checks":279,"score":42.452831268310547,"start_time":1765356078,"end_time":1765356146,"hash":"07bff67779b8ad2ca4be90fcb80240ec6b6eb2c143b834160705e26529f71019","hash_file":"b873eeef9a2aca9cb9c52214f5f161c23fae0f484f7525f6eb289357b8bfdf81"}
sca.type: summary
sca.scan_id: 364236078
sca.policy: CIS Ubuntu Linux 24.04 LTS Benchmark v1.0.0.
sca.description: This document provides prescriptive guidance for establishing a secure configuration posture for Ubuntu Linux 24.04 LTS based on CIS benchmark for Ubuntu Linux 24.04 LTS.
sca.policy_id: cis_ubuntu24-04
sca.passed: 90
sca.failed: 122
sca.invalid: 67
sca.total_checks: 279
sca.score: 42
sca.file: cis_ubuntu24-04.yml

** Alert 1765357082.11053: - sca,gdpr_IV_35.7.d,pci_dss_2.2,nist_800_53_CM.1,tsc_CC7.1,tsc_CC7.2,
2025 Dec 10 08:58:02 (srv_bastion_ib) any->sca
Rule: 19010 (level 3) -> 'CIS Ubuntu Linux 24.04 LTS Benchmark v1.0.0.: Ensure password expiration warning days is configured.: Status changed from failed to passed'
{"type":"check","id":424870285,"policy":"CIS Ubuntu Linux 24.04 LTS Benchmark v1.0.0.","policy_id":"cis_ubuntu24-04","check":{"id":35696,"title":"Ensure password expiration warning days is configured.","description":"The PASS_WARN_AGE parameter in /etc/login.defs allows an administrator to notify users that their password will expire in a defined number of days. PASS_WARN_AGE <N> - The number of days warning given before a password expires. A zero means warning is given only upon the day of expiration, a negative value means no warning is given. If not specified, no warning will be provided.","rationale":"Providing an advance warning that a password will be expiring gives users time to think of a secure password. Users caught unaware may choose a simple password or write it down where it may be discovered.","remediation":"Edit /etc/login.defs and set PASS_WARN_AGE to a value of 7 or more that follows local site policy: Example: PASS_WARN_AGE 7 Run the following command to modify user parameters for all users with a password set to a minimum warning to 7 or more days that follows local site policy: # chage --warndays <N> <user> Example: # awk -F: '($2~/^\\$.+\\$/) {if($6 < 7)system (\"chage --warndays 7 \" $1)}' /etc/shadow.","compliance":{"cis":"5.4.1.3","cis_csc_v8":"4.1","cis_csc_v7":"4.4","cmmc_v2.0":"AC.L1-3.1.1,AC.L1-3.1.2,CM.L2-3.4.1,CM.L2-3.4.2,CM.L2-3.4.6,CM.L2-3.4.7","iso_27001-2013":"A.9.4.3","mitre_mitigations":"M1027","mitre_tactics":"TA0006","mitre_techniques":"T1078","nist_sp_800-53":"CM-7(1),CM-9,SA-10","pci_dss_v3.2.1":"11.5,2.2","pci_dss_v4.0":"1.1.1,1.2.1,1.2.6,1.2.7,1.5.1,2.1.1,2.2.1","soc_2":"CC7.1,CC8.1"},"rules":["f:/etc/login.defs -> n:^PASS_WARN_AGE\\s*\\t*(\\p*\\d+) compare >= 7","f:/etc/shadow -> n:\\.*:\\$\\.*:\\.*:\\.*:\\.*:(\\p*\\d+):\\.*:\\.*: compare >= 7"],"condition":"all","file":"/etc/login.defs,/etc/shadow","result":"passed"}}
sca.type: check
sca.scan_id: 424870285
sca.policy: CIS Ubuntu Linux 24.04 LTS Benchmark v1.0.0.
sca.check.id: 35696
sca.check.title: Ensure password expiration warning days is configured.
sca.check.description: The PASS_WARN_AGE parameter in /etc/login.defs allows an administrator to notify users that their password will expire in a defined number of days. PASS_WARN_AGE <N> - The number of days warning given before a password expires. A zero means warning is given only upon the day of expiration, a negative value means no warning is given. If not specified, no warning will be provided.
sca.check.rationale: Providing an advance warning that a password will be expiring gives users time to think of a secure password. Users caught unaware may choose a simple password or write it down where it may be discovered.
sca.check.remediation: Edit /etc/login.defs and set PASS_WARN_AGE to a value of 7 or more that follows local site policy: Example: PASS_WARN_AGE 7 Run the following command to modify user parameters for all users with a password set to a minimum warning to 7 or more days that follows local site policy: # chage --warndays <N> <user> Example: # awk -F: '($2~/^\$.+\$/) {if($6 < 7)system ("chage --warndays 7 " $1)}' /etc/shadow.
sca.check.compliance.cis: 5.4.1.3
sca.check.compliance.cis_csc_v8: 4.1
sca.check.compliance.cis_csc_v7: 4.4
sca.check.compliance.cmmc_v2.0: AC.L1-3.1.1,AC.L1-3.1.2,CM.L2-3.4.1,CM.L2-3.4.2,CM.L2-3.4.6,CM.L2-3.4.7
sca.check.compliance.iso_27001-2013: A.9.4.3
sca.check.compliance.mitre_mitigations: M1027
sca.check.compliance.mitre_tactics: TA0006
sca.check.compliance.mitre_techniques: T1078
sca.check.compliance.nist_sp_800-53: CM-7(1),CM-9,SA-10
sca.check.compliance.pci_dss_v3.2.1: 11.5,2.2
sca.check.compliance.pci_dss_v4.0: 1.1.1,1.2.1,1.2.6,1.2.7,1.5.1,2.1.1,2.2.1
sca.check.compliance.soc_2: CC7.1,CC8.1
sca.check.file: ["/etc/login.defs", "/etc/shadow"]
sca.check.result: passed
sca.check.previous_result: failed

** Alert 1765357086.15227: - sca,gdpr_IV_35.7.d,pci_dss_2.2,nist_800_53_CM.1,tsc_CC7.1,tsc_CC7.2,
2025 Dec 10 08:58:06 (srv_bastion_ib) any->sca
Rule: 19004 (level 7) -> 'SCA summary: CIS Ubuntu Linux 24.04 LTS Benchmark v1.0.0.: Score less than 50% (42)'
{"type":"summary","scan_id":424870285,"name":"CIS Ubuntu Linux 24.04 LTS Benchmark v1.0.0.","policy_id":"cis_ubuntu24-04","file":"cis_ubuntu24-04.yml","description":"This document provides prescriptive guidance for establishing a secure configuration posture for Ubuntu Linux 24.04 LTS based on CIS benchmark for Ubuntu Linux 24.04 LTS.","references":"https://www.cisecurity.org/cis-benchmarks/","passed":90,"failed":122,"invalid":67,"total_checks":279,"score":42.452831268310547,"start_time":1765357082,"end_time":1765357083,"hash":"07bff67779b8ad2ca4be90fcb80240ec6b6eb2c143b834160705e26529f71019","hash_file":"b873eeef9a2aca9cb9c52214f5f161c23fae0f484f7525f6eb289357b8bfdf81"}
sca.type: summary
sca.scan_id: 424870285
sca.policy: CIS Ubuntu Linux 24.04 LTS Benchmark v1.0.0.
sca.description: This document provides prescriptive guidance for establishing a secure configuration posture for Ubuntu Linux 24.04 LTS based on CIS benchmark for Ubuntu Linux 24.04 LTS.
sca.policy_id: cis_ubuntu24-04
sca.passed: 90
sca.failed: 122
sca.invalid: 67
sca.total_checks: 279
sca.score: 42
sca.file: cis_ubuntu24-04.yml

